2021-09-07 15:06:27.7699|INFO|Microsoft.Hosting.Lifetime|Application started. Press Ctrl+C to shut down.
2021-09-07 15:06:27.7884|INFO|Microsoft.Hosting.Lifetime|Hosting environment: Development
2021-09-07 15:06:27.7884|INFO|Microsoft.Hosting.Lifetime|Content root path: G:\VS2019 Projects\BlazorWebAssemblyDemo\BlazorProject\Server
2021-09-07 15:06:30.5996|WARN|Microsoft.EntityFrameworkCore.Query|The query uses a row limiting operator ('Skip'/'Take') without an 'OrderBy' operator. This may lead to unpredictable results.
2021-09-07 15:06:30.6018|WARN|Microsoft.EntityFrameworkCore.Query|The query uses a row limiting operator ('Skip'/'Take') without an 'OrderBy' operator. This may lead to unpredictable results.
2021-09-07 15:07:07.0438|INFO|Microsoft.Hosting.Lifetime|Application started. Press Ctrl+C to shut down.
2021-09-07 15:07:07.0620|INFO|Microsoft.Hosting.Lifetime|Hosting environment: Development
2021-09-07 15:07:07.0620|INFO|Microsoft.Hosting.Lifetime|Content root path: G:\VS2019 Projects\BlazorWebAssemblyDemo\BlazorProject\Server
2021-09-07 15:07:58.5286|WARN|Microsoft.EntityFrameworkCore.Query|The query uses a row limiting operator ('Skip'/'Take') without an 'OrderBy' operator. This may lead to unpredictable results.
2021-09-07 15:07:58.5286|WARN|Microsoft.EntityFrameworkCore.Query|The query uses a row limiting operator ('Skip'/'Take') without an 'OrderBy' operator. This may lead to unpredictable results.
2021-09-07 16:20:25.6460|INFO|Microsoft.Hosting.Lifetime|Application started. Press Ctrl+C to shut down.
2021-09-07 16:20:25.6642|INFO|Microsoft.Hosting.Lifetime|Hosting environment: Development
2021-09-07 16:20:25.6642|INFO|Microsoft.Hosting.Lifetime|Content root path: G:\VS2019 Projects\BlazorWebAssemblyDemo\BlazorProject\Server
2021-09-07 16:20:27.8833|WARN|Microsoft.EntityFrameworkCore.Query|The query uses a row limiting operator ('Skip'/'Take') without an 'OrderBy' operator. This may lead to unpredictable results.
2021-09-07 16:20:27.8833|WARN|Microsoft.EntityFrameworkCore.Query|The query uses a row limiting operator ('Skip'/'Take') without an 'OrderBy' operator. This may lead to unpredictable results.
2021-09-07 16:20:50.5220|INFO|BlazorProject.Server.Middlewares.CustomAuthMiddleware|/api/blog/GetBlogsByUserid | POST | ::1
2021-09-07 16:21:57.9018|INFO|Microsoft.Hosting.Lifetime|Application started. Press Ctrl+C to shut down.
2021-09-07 16:21:57.9202|INFO|Microsoft.Hosting.Lifetime|Hosting environment: Development
2021-09-07 16:21:57.9202|INFO|Microsoft.Hosting.Lifetime|Content root path: G:\VS2019 Projects\BlazorWebAssemblyDemo\BlazorProject\Server
2021-09-07 16:22:00.0849|WARN|Microsoft.EntityFrameworkCore.Query|The query uses a row limiting operator ('Skip'/'Take') without an 'OrderBy' operator. This may lead to unpredictable results.
2021-09-07 16:22:00.0849|WARN|Microsoft.EntityFrameworkCore.Query|The query uses a row limiting operator ('Skip'/'Take') without an 'OrderBy' operator. This may lead to unpredictable results.
2021-09-07 16:22:13.7756|INFO|BlazorProject.Server.Middlewares.CustomAuthMiddleware|/api/blog/GetBlogsByUserid | POST | ::1
2021-09-07 16:22:32.8005|INFO|BlazorProject.Server.Middlewares.CustomAuthMiddleware|/api/blog/GetBlogsByUserid | POST | ::1
2021-09-07 16:23:00.4254|INFO|BlazorProject.Server.Middlewares.CustomAuthMiddleware|/api/blog/createblog | POST | ::1
2021-09-07 16:23:00.5505|INFO|BlazorProject.Server.Middlewares.CustomAuthMiddleware|/api/blog/GetBlogsByUserid | POST | ::1
2021-09-07 16:23:27.3281|INFO|BlazorProject.Server.Middlewares.CustomAuthMiddleware|/api/blog/updateblog | PUT | ::1
2021-09-07 16:23:37.6954|INFO|BlazorProject.Server.Middlewares.CustomAuthMiddleware|/api/blog/GetBlogsByUserid | POST | ::1
2021-09-07 16:23:55.5837|INFO|BlazorProject.Server.Middlewares.CustomAuthMiddleware|/api/blog/deleteblog/1016 | DELETE | ::1
2021-09-07 16:23:55.6316|INFO|BlazorProject.Server.Middlewares.CustomAuthMiddleware|/api/blog/GetBlogsByUserid | POST | ::1
2021-09-07 16:25:20.1225|INFO|Microsoft.Hosting.Lifetime|Application started. Press Ctrl+C to shut down.
2021-09-07 16:25:20.1403|INFO|Microsoft.Hosting.Lifetime|Hosting environment: Development
2021-09-07 16:25:20.1403|INFO|Microsoft.Hosting.Lifetime|Content root path: G:\VS2019 Projects\BlazorWebAssemblyDemo\BlazorProject\Server
2021-09-07 16:25:22.3924|WARN|Microsoft.EntityFrameworkCore.Query|The query uses a row limiting operator ('Skip'/'Take') without an 'OrderBy' operator. This may lead to unpredictable results.
2021-09-07 16:25:22.3924|WARN|Microsoft.EntityFrameworkCore.Query|The query uses a row limiting operator ('Skip'/'Take') without an 'OrderBy' operator. This may lead to unpredictable results.
2021-09-07 16:28:20.6824|INFO|BlazorProject.Server.Middlewares.CustomAuthMiddleware|/api/blog/GetBlogsByUserid | POST | ::1
2021-09-07 16:28:51.1442|WARN|Microsoft.EntityFrameworkCore.Query|The query uses a row limiting operator ('Skip'/'Take') without an 'OrderBy' operator. This may lead to unpredictable results.
2021-09-07 16:28:51.1442|WARN|Microsoft.EntityFrameworkCore.Query|The query uses a row limiting operator ('Skip'/'Take') without an 'OrderBy' operator. This may lead to unpredictable results.
2021-09-07 16:29:59.7359|INFO|BlazorProject.Server.Middlewares.CustomAuthMiddleware|/api/blog/GetBlogsByUserid | POST | ::1
2021-09-07 16:30:10.8330|INFO|BlazorProject.Server.Middlewares.CustomAuthMiddleware|/api/blog/GetBlogsByUserid | POST | ::1
2021-09-07 16:32:13.9249|INFO|BlazorProject.Server.Middlewares.CustomAuthMiddleware|/api/blog/GetBlogsByUserid | POST | ::1
2021-09-07 16:34:31.4951|INFO|BlazorProject.Server.Middlewares.CustomAuthMiddleware|/api/blog/GetBlogsByUserid | POST | ::1
2021-09-07 16:38:02.7764|INFO|BlazorProject.Server.Middlewares.CustomAuthMiddleware|/api/blog/GetBlogsByUserid | POST | ::1
2021-09-07 16:38:22.8442|INFO|BlazorProject.Server.Middlewares.CustomAuthMiddleware|/api/blog/GetBlogsByUserid | POST | ::1
2021-09-07 16:50:58.3864|INFO|BlazorProject.Server.Middlewares.CustomAuthMiddleware|/api/blog/createblog | POST | ::1
2021-09-07 16:59:43.0901|INFO|Microsoft.Hosting.Lifetime|Application started. Press Ctrl+C to shut down.
2021-09-07 16:59:43.1080|INFO|Microsoft.Hosting.Lifetime|Hosting environment: Development
2021-09-07 16:59:43.1080|INFO|Microsoft.Hosting.Lifetime|Content root path: G:\VS2019 Projects\BlazorWebAssemblyDemo\BlazorProject\Server
2021-09-07 16:59:45.3840|WARN|Microsoft.EntityFrameworkCore.Query|The query uses a row limiting operator ('Skip'/'Take') without an 'OrderBy' operator. This may lead to unpredictable results.
2021-09-07 16:59:45.3840|WARN|Microsoft.EntityFrameworkCore.Query|The query uses a row limiting operator ('Skip'/'Take') without an 'OrderBy' operator. This may lead to unpredictable results.
2021-09-07 16:59:56.2593|INFO|BlazorProject.Server.Middlewares.CustomAuthMiddleware|/api/blog/GetBlogsByUserid | POST | ::1
2021-09-07 17:08:53.1372|INFO|BlazorProject.Server.Middlewares.CustomAuthMiddleware|/api/blog/createblog | POST | ::1
2021-09-07 17:42:40.0089|INFO|Microsoft.Hosting.Lifetime|Application started. Press Ctrl+C to shut down.
2021-09-07 17:42:40.0326|INFO|Microsoft.Hosting.Lifetime|Hosting environment: Development
2021-09-07 17:42:40.0326|INFO|Microsoft.Hosting.Lifetime|Content root path: G:\VS2019 Projects\BlazorWebAssemblyDemo\BlazorProject\Server
2021-09-07 17:42:42.8615|WARN|Microsoft.EntityFrameworkCore.Query|The query uses a row limiting operator ('Skip'/'Take') without an 'OrderBy' operator. This may lead to unpredictable results.
2021-09-07 17:42:42.8615|WARN|Microsoft.EntityFrameworkCore.Query|The query uses a row limiting operator ('Skip'/'Take') without an 'OrderBy' operator. This may lead to unpredictable results.
2021-09-07 17:42:53.5275|INFO|BlazorProject.Server.Middlewares.CustomAuthMiddleware|/api/blog/GetBlogsByUserid | POST | ::1
2021-09-07 17:44:59.4719|INFO|Microsoft.Hosting.Lifetime|Application started. Press Ctrl+C to shut down.
2021-09-07 17:44:59.4897|INFO|Microsoft.Hosting.Lifetime|Hosting environment: Development
2021-09-07 17:44:59.4911|INFO|Microsoft.Hosting.Lifetime|Content root path: G:\VS2019 Projects\BlazorWebAssemblyDemo\BlazorProject\Server
2021-09-07 17:45:13.3119|INFO|Microsoft.Hosting.Lifetime|Application started. Press Ctrl+C to shut down.
2021-09-07 17:45:13.3304|INFO|Microsoft.Hosting.Lifetime|Hosting environment: Development
2021-09-07 17:45:13.3304|INFO|Microsoft.Hosting.Lifetime|Content root path: G:\VS2019 Projects\BlazorWebAssemblyDemo\BlazorProject\Server
2021-09-07 17:45:21.6012|WARN|Microsoft.EntityFrameworkCore.Query|The query uses a row limiting operator ('Skip'/'Take') without an 'OrderBy' operator. This may lead to unpredictable results.
2021-09-07 17:45:21.6012|WARN|Microsoft.EntityFrameworkCore.Query|The query uses a row limiting operator ('Skip'/'Take') without an 'OrderBy' operator. This may lead to unpredictable results.
2021-09-07 17:45:31.1708|INFO|BlazorProject.Server.Middlewares.CustomAuthMiddleware|/api/blog/GetBlogsByUserid | POST | ::1
2021-09-07 17:51:23.4329|INFO|BlazorProject.Server.Middlewares.CustomAuthMiddleware|/api/blog/createblog | POST | ::1
2021-09-07 18:01:16.4800|INFO|Microsoft.Hosting.Lifetime|Application started. Press Ctrl+C to shut down.
2021-09-07 18:01:16.5018|INFO|Microsoft.Hosting.Lifetime|Hosting environment: Development
2021-09-07 18:01:16.5018|INFO|Microsoft.Hosting.Lifetime|Content root path: G:\VS2019 Projects\BlazorWebAssemblyDemo\BlazorProject\Server
2021-09-07 18:01:17.8432|WARN|Microsoft.EntityFrameworkCore.Query|The query uses a row limiting operator ('Skip'/'Take') without an 'OrderBy' operator. This may lead to unpredictable results.
2021-09-07 18:01:17.8432|WARN|Microsoft.EntityFrameworkCore.Query|The query uses a row limiting operator ('Skip'/'Take') without an 'OrderBy' operator. This may lead to unpredictable results.
2021-09-07 18:01:29.0872|INFO|Microsoft.Hosting.Lifetime|Application started. Press Ctrl+C to shut down.
2021-09-07 18:01:29.1071|INFO|Microsoft.Hosting.Lifetime|Hosting environment: Development
2021-09-07 18:01:29.1071|INFO|Microsoft.Hosting.Lifetime|Content root path: G:\VS2019 Projects\BlazorWebAssemblyDemo\BlazorProject\Server
2021-09-07 18:01:30.3823|WARN|Microsoft.EntityFrameworkCore.Query|The query uses a row limiting operator ('Skip'/'Take') without an 'OrderBy' operator. This may lead to unpredictable results.
2021-09-07 18:01:30.3823|WARN|Microsoft.EntityFrameworkCore.Query|The query uses a row limiting operator ('Skip'/'Take') without an 'OrderBy' operator. This may lead to unpredictable results.
2021-09-07 18:01:48.0447|INFO|Microsoft.Hosting.Lifetime|Application started. Press Ctrl+C to shut down.
2021-09-07 18:01:48.0657|INFO|Microsoft.Hosting.Lifetime|Hosting environment: Development
2021-09-07 18:01:48.0657|INFO|Microsoft.Hosting.Lifetime|Content root path: G:\VS2019 Projects\BlazorWebAssemblyDemo\BlazorProject\Server
2021-09-07 18:01:49.2969|WARN|Microsoft.EntityFrameworkCore.Query|The query uses a row limiting operator ('Skip'/'Take') without an 'OrderBy' operator. This may lead to unpredictable results.
2021-09-07 18:01:49.2969|WARN|Microsoft.EntityFrameworkCore.Query|The query uses a row limiting operator ('Skip'/'Take') without an 'OrderBy' operator. This may lead to unpredictable results.
2021-09-07 18:04:48.6391|INFO|BlazorProject.Server.Middlewares.CustomAuthMiddleware|/api/blog/GetBlogsByUserid | POST | ::1
2021-09-07 18:05:06.0563|INFO|BlazorProject.Server.Middlewares.CustomAuthMiddleware|/api/blog/GetBlogsByUserid | POST | ::1
2021-09-07 18:06:16.5988|INFO|BlazorProject.Server.Middlewares.CustomAuthMiddleware|/api/blog/GetBlogsByUserid | POST | ::1
2021-09-07 18:06:23.8550|INFO|BlazorProject.Server.Middlewares.CustomAuthMiddleware|/api/blog/GetBlogsByUserid | POST | ::1
2021-09-07 18:06:30.1906|INFO|BlazorProject.Server.Middlewares.CustomAuthMiddleware|/api/blog/GetBlogsByUserid | POST | ::1
2021-09-07 18:06:56.1420|INFO|BlazorProject.Server.Middlewares.CustomAuthMiddleware|/api/blog/GetBlogsByUserid | POST | ::1
2021-09-07 18:07:14.1758|INFO|BlazorProject.Server.Middlewares.CustomAuthMiddleware|/api/blog/GetBlogsByUserid | POST | ::1
2021-09-07 18:07:57.2251|INFO|BlazorProject.Server.Middlewares.CustomAuthMiddleware|/api/blog/updateblog | PUT | ::1
2021-09-07 18:08:04.9427|INFO|BlazorProject.Server.Middlewares.CustomAuthMiddleware|/api/blog/GetBlogsByUserid | POST | ::1
2021-09-07 18:08:11.4946|INFO|BlazorProject.Server.Middlewares.CustomAuthMiddleware|/api/blog/GetBlogsByUserid | POST | ::1
2021-09-07 18:09:12.3827|INFO|BlazorProject.Server.Middlewares.CustomAuthMiddleware|/api/blog/GetBlogsByUserid | POST | ::1
2021-09-07 18:09:15.3822|INFO|BlazorProject.Server.Middlewares.CustomAuthMiddleware|/api/blog/GetBlogsByUserid | POST | ::1
2021-09-07 18:10:37.8482|INFO|BlazorProject.Server.Middlewares.CustomAuthMiddleware|/api/blog/GetBlogsByUserid | POST | ::1
2021-09-07 18:14:11.9014|INFO|BlazorProject.Server.Middlewares.CustomAuthMiddleware|/api/blog/deleteblog/1008 | DELETE | ::1
2021-09-07 18:14:49.7674|INFO|Microsoft.Hosting.Lifetime|Application started. Press Ctrl+C to shut down.
2021-09-07 18:14:49.7899|INFO|Microsoft.Hosting.Lifetime|Hosting environment: Development
2021-09-07 18:14:49.7899|INFO|Microsoft.Hosting.Lifetime|Content root path: G:\VS2019 Projects\BlazorWebAssemblyDemo\BlazorProject\Server
2021-09-07 18:14:51.0900|WARN|Microsoft.EntityFrameworkCore.Query|The query uses a row limiting operator ('Skip'/'Take') without an 'OrderBy' operator. This may lead to unpredictable results.
2021-09-07 18:14:51.0900|WARN|Microsoft.EntityFrameworkCore.Query|The query uses a row limiting operator ('Skip'/'Take') without an 'OrderBy' operator. This may lead to unpredictable results.
2021-09-07 18:15:29.6603|INFO|Microsoft.Hosting.Lifetime|Application started. Press Ctrl+C to shut down.
2021-09-07 18:15:29.6779|INFO|Microsoft.Hosting.Lifetime|Hosting environment: Development
2021-09-07 18:15:29.6795|INFO|Microsoft.Hosting.Lifetime|Content root path: G:\VS2019 Projects\BlazorWebAssemblyDemo\BlazorProject\Server
2021-09-07 18:15:30.9066|WARN|Microsoft.EntityFrameworkCore.Query|The query uses a row limiting operator ('Skip'/'Take') without an 'OrderBy' operator. This may lead to unpredictable results.
2021-09-07 18:15:30.9066|WARN|Microsoft.EntityFrameworkCore.Query|The query uses a row limiting operator ('Skip'/'Take') without an 'OrderBy' operator. This may lead to unpredictable results.
2021-09-07 18:15:45.6152|INFO|BlazorProject.Server.Middlewares.CustomAuthMiddleware|/api/blog/GetBlogsByUserid | POST | ::1
2021-09-07 18:18:22.0088|INFO|BlazorProject.Server.Middlewares.CustomAuthMiddleware|/api/blog/deleteblog/1008 | DELETE | ::1
2021-09-07 18:19:01.1695|INFO|Microsoft.Hosting.Lifetime|Application started. Press Ctrl+C to shut down.
2021-09-07 18:19:01.1874|INFO|Microsoft.Hosting.Lifetime|Hosting environment: Development
2021-09-07 18:19:01.1874|INFO|Microsoft.Hosting.Lifetime|Content root path: G:\VS2019 Projects\BlazorWebAssemblyDemo\BlazorProject\Server
2021-09-07 18:19:02.4151|WARN|Microsoft.EntityFrameworkCore.Query|The query uses a row limiting operator ('Skip'/'Take') without an 'OrderBy' operator. This may lead to unpredictable results.
2021-09-07 18:19:02.4151|WARN|Microsoft.EntityFrameworkCore.Query|The query uses a row limiting operator ('Skip'/'Take') without an 'OrderBy' operator. This may lead to unpredictable results.
2021-09-07 18:21:09.4804|INFO|BlazorProject.Server.Middlewares.CustomAuthMiddleware|/api/blog/GetBlogsByUserid | POST | ::1
2021-09-07 18:21:13.3833|INFO|BlazorProject.Server.Middlewares.CustomAuthMiddleware|/api/blog/GetBlogsByUserid | POST | ::1
2021-09-07 18:21:25.5693|INFO|BlazorProject.Server.Middlewares.CustomAuthMiddleware|/api/blog/updateblog | PUT | ::1
2021-09-07 18:21:34.6943|INFO|BlazorProject.Server.Middlewares.CustomAuthMiddleware|/api/blog/GetBlogsByUserid | POST | ::1
2021-09-07 18:22:41.3333|INFO|BlazorProject.Server.Middlewares.CustomAuthMiddleware|/api/blog/deleteblog/1008 | DELETE | ::1
2021-09-07 18:22:41.3925|INFO|BlazorProject.Server.Middlewares.CustomAuthMiddleware|/api/blog/GetBlogsByUserid | POST | ::1
2021-09-07 18:23:01.2063|INFO|BlazorProject.Server.Middlewares.CustomAuthMiddleware|/api/blog/GetBlogsByUserid | POST | ::1
2021-09-07 18:23:16.2060|INFO|BlazorProject.Server.Middlewares.CustomAuthMiddleware|/api/blog/GetBlogsByUserid | POST | ::1
2021-09-07 23:17:18.5044|INFO|Microsoft.Hosting.Lifetime|Application started. Press Ctrl+C to shut down.
2021-09-07 23:17:18.5308|INFO|Microsoft.Hosting.Lifetime|Hosting environment: Development
2021-09-07 23:17:18.5308|INFO|Microsoft.Hosting.Lifetime|Content root path: G:\VS2019 Projects\BlazorWebAssemblyDemo\BlazorProject\Server
2021-09-07 23:17:21.2123|WARN|Microsoft.EntityFrameworkCore.Query|The query uses a row limiting operator ('Skip'/'Take') without an 'OrderBy' operator. This may lead to unpredictable results.
2021-09-07 23:17:21.2123|WARN|Microsoft.EntityFrameworkCore.Query|The query uses a row limiting operator ('Skip'/'Take') without an 'OrderBy' operator. This may lead to unpredictable results.
2021-09-07 23:17:35.0232|INFO|BlazorProject.Server.Middlewares.CustomAuthMiddleware|/api/blog/GetBlogsByUserid | POST | ::1
2021-09-07 23:17:42.0041|INFO|BlazorProject.Server.Middlewares.CustomAuthMiddleware|/api/blog/updateblog | PUT | ::1
2021-09-07 23:18:21.2470|INFO|Microsoft.Hosting.Lifetime|Application started. Press Ctrl+C to shut down.
2021-09-07 23:18:21.2648|INFO|Microsoft.Hosting.Lifetime|Hosting environment: Development
2021-09-07 23:18:21.2648|INFO|Microsoft.Hosting.Lifetime|Content root path: G:\VS2019 Projects\BlazorWebAssemblyDemo\BlazorProject\Server
2021-09-07 23:18:37.4033|INFO|Microsoft.Hosting.Lifetime|Application started. Press Ctrl+C to shut down.
2021-09-07 23:18:37.4215|INFO|Microsoft.Hosting.Lifetime|Hosting environment: Development
2021-09-07 23:18:37.4215|INFO|Microsoft.Hosting.Lifetime|Content root path: G:\VS2019 Projects\BlazorWebAssemblyDemo\BlazorProject\Server
2021-09-07 23:18:48.2192|INFO|BlazorProject.Server.Middlewares.CustomAuthMiddleware|/api/blog/GetBlogsByUserid | POST | ::1
2021-09-07 23:19:02.1963|INFO|BlazorProject.Server.Middlewares.CustomAuthMiddleware|/api/blog/updateblog | PUT | ::1
2021-09-07 23:19:18.5778|INFO|BlazorProject.Server.Middlewares.CustomAuthMiddleware|/api/blog/GetBlogsByUserid | POST | ::1
2021-09-07 23:19:31.5366|INFO|BlazorProject.Server.Middlewares.CustomAuthMiddleware|/api/blog/updateblog | PUT | ::1
2021-09-07 23:19:46.7856|INFO|BlazorProject.Server.Middlewares.CustomAuthMiddleware|/api/blog/GetBlogsByUserid | POST | ::1
2021-09-07 23:19:48.7574|WARN|Microsoft.EntityFrameworkCore.Query|The query uses a row limiting operator ('Skip'/'Take') without an 'OrderBy' operator. This may lead to unpredictable results.
2021-09-07 23:19:48.7574|WARN|Microsoft.EntityFrameworkCore.Query|The query uses a row limiting operator ('Skip'/'Take') without an 'OrderBy' operator. This may lead to unpredictable results.
2021-09-07 23:19:49.4810|INFO|BlazorProject.Server.Middlewares.CustomAuthMiddleware|/api/blog/GetBlogsByUserid | POST | ::1
2021-09-07 23:20:22.8738|INFO|BlazorProject.Server.Middlewares.CustomAuthMiddleware|/api/blog/GetBlogsByUserid | POST | ::1
2021-09-07 23:20:24.5127|INFO|BlazorProject.Server.Middlewares.CustomAuthMiddleware|/api/blog/GetBlogsByUserid | POST | ::1
2021-09-07 23:20:32.8342|INFO|BlazorProject.Server.Middlewares.CustomAuthMiddleware|/api/blog/GetBlogsByUserid | POST | ::1
2021-09-07 23:20:40.0489|INFO|BlazorProject.Server.Middlewares.CustomAuthMiddleware|/api/blog/GetBlogsByUserid | POST | ::1
2021-09-07 23:20:42.0406|INFO|BlazorProject.Server.Middlewares.CustomAuthMiddleware|/api/blog/GetBlogsByUserid | POST | ::1
2021-09-07 23:20:46.0652|INFO|BlazorProject.Server.Middlewares.CustomAuthMiddleware|/api/blog/GetBlogsByUserid | POST | ::1
2021-09-07 23:20:49.7051|INFO|BlazorProject.Server.Middlewares.CustomAuthMiddleware|/api/blog/GetBlogsByUserid | POST | ::1
2021-09-07 23:22:09.6217|INFO|Microsoft.Hosting.Lifetime|Application started. Press Ctrl+C to shut down.
2021-09-07 23:22:09.6529|INFO|Microsoft.Hosting.Lifetime|Hosting environment: Development
2021-09-07 23:22:09.6529|INFO|Microsoft.Hosting.Lifetime|Content root path: G:\VS2019 Projects\BlazorWebAssemblyDemo\BlazorProject\Server
2021-09-07 23:22:10.9444|WARN|Microsoft.EntityFrameworkCore.Query|The query uses a row limiting operator ('Skip'/'Take') without an 'OrderBy' operator. This may lead to unpredictable results.
2021-09-07 23:22:10.9444|WARN|Microsoft.EntityFrameworkCore.Query|The query uses a row limiting operator ('Skip'/'Take') without an 'OrderBy' operator. This may lead to unpredictable results.
2021-09-07 23:22:23.3789|INFO|BlazorProject.Server.Middlewares.CustomAuthMiddleware|/api/blog/GetBlogsByUserid | POST | ::1
2021-09-07 23:22:36.2911|INFO|BlazorProject.Server.Middlewares.CustomAuthMiddleware|/api/blog/updateblog | PUT | ::1
2021-09-07 23:23:38.2723|INFO|Microsoft.Hosting.Lifetime|Application started. Press Ctrl+C to shut down.
2021-09-07 23:23:38.2899|INFO|Microsoft.Hosting.Lifetime|Hosting environment: Development
2021-09-07 23:23:38.2899|INFO|Microsoft.Hosting.Lifetime|Content root path: G:\VS2019 Projects\BlazorWebAssemblyDemo\BlazorProject\Server
2021-09-07 23:23:51.8267|INFO|BlazorProject.Server.Middlewares.CustomAuthMiddleware|/api/blog/GetBlogsByUserid | POST | ::1
2021-09-07 23:24:06.6842|INFO|BlazorProject.Server.Middlewares.CustomAuthMiddleware|/api/blog/updateblog | PUT | ::1
2021-09-07 23:24:30.6301|INFO|BlazorProject.Server.Middlewares.CustomAuthMiddleware|/api/blog/GetBlogsByUserid | POST | ::1
2021-09-07 23:24:49.1166|INFO|BlazorProject.Server.Middlewares.CustomAuthMiddleware|/api/blog/updateblog | PUT | ::1
2021-09-07 23:25:03.3780|WARN|Microsoft.EntityFrameworkCore.Query|The query uses a row limiting operator ('Skip'/'Take') without an 'OrderBy' operator. This may lead to unpredictable results.
2021-09-07 23:25:03.3780|WARN|Microsoft.EntityFrameworkCore.Query|The query uses a row limiting operator ('Skip'/'Take') without an 'OrderBy' operator. This may lead to unpredictable results.
2021-09-07 23:25:08.5171|INFO|BlazorProject.Server.Middlewares.CustomAuthMiddleware|/api/blog/GetBlogsByUserid | POST | ::1
2021-09-07 23:25:41.4692|INFO|BlazorProject.Server.Middlewares.CustomAuthMiddleware|/api/blog/GetBlogsByUserid | POST | ::1
2021-09-07 23:26:10.1006|INFO|BlazorProject.Server.Middlewares.CustomAuthMiddleware|/api/blog/GetBlogsByUserid | POST | ::1
2021-09-07 23:26:34.9474|WARN|Microsoft.EntityFrameworkCore.Query|The query uses a row limiting operator ('Skip'/'Take') without an 'OrderBy' operator. This may lead to unpredictable results.
2021-09-07 23:26:34.9474|WARN|Microsoft.EntityFrameworkCore.Query|The query uses a row limiting operator ('Skip'/'Take') without an 'OrderBy' operator. This may lead to unpredictable results.
2021-09-07 23:38:23.2203|INFO|BlazorProject.Server.Middlewares.CustomAuthMiddleware|/api/blog/GetBlogsByUserid | POST | ::1
2021-09-07 23:39:04.3388|INFO|BlazorProject.Server.Middlewares.CustomAuthMiddleware|/api/blog/updateblog | PUT | ::1
2021-09-07 23:42:03.5536|INFO|BlazorProject.Server.Middlewares.CustomAuthMiddleware|/api/blog/GetBlogsByUserid | POST | ::1
2021-09-07 23:49:16.5558|INFO|Microsoft.Hosting.Lifetime|Application started. Press Ctrl+C to shut down.
2021-09-07 23:49:16.5744|INFO|Microsoft.Hosting.Lifetime|Hosting environment: Development
2021-09-07 23:49:16.5744|INFO|Microsoft.Hosting.Lifetime|Content root path: G:\VS2019 Projects\BlazorWebAssemblyDemo\BlazorProject\Server
2021-09-07 23:49:54.6176|INFO|Microsoft.Hosting.Lifetime|Application started. Press Ctrl+C to shut down.
2021-09-07 23:49:54.6358|INFO|Microsoft.Hosting.Lifetime|Hosting environment: Development
2021-09-07 23:49:54.6358|INFO|Microsoft.Hosting.Lifetime|Content root path: G:\VS2019 Projects\BlazorWebAssemblyDemo\BlazorProject\Server
2021-09-07 23:49:55.4111|WARN|Microsoft.EntityFrameworkCore.Query|The query uses a row limiting operator ('Skip'/'Take') without an 'OrderBy' operator. This may lead to unpredictable results.
2021-09-07 23:49:55.4133|WARN|Microsoft.EntityFrameworkCore.Query|The query uses a row limiting operator ('Skip'/'Take') without an 'OrderBy' operator. This may lead to unpredictable results.
2021-09-07 23:54:50.6913|INFO|Microsoft.Hosting.Lifetime|Application started. Press Ctrl+C to shut down.
2021-09-07 23:54:50.7096|INFO|Microsoft.Hosting.Lifetime|Hosting environment: Development
2021-09-07 23:54:50.7096|INFO|Microsoft.Hosting.Lifetime|Content root path: G:\VS2019 Projects\BlazorWebAssemblyDemo\BlazorProject\Server
2021-09-07 23:54:53.5375|WARN|Microsoft.EntityFrameworkCore.Query|The query uses a row limiting operator ('Skip'/'Take') without an 'OrderBy' operator. This may lead to unpredictable results.
2021-09-07 23:54:53.5397|WARN|Microsoft.EntityFrameworkCore.Query|The query uses a row limiting operator ('Skip'/'Take') without an 'OrderBy' operator. This may lead to unpredictable results.
2021-09-07 23:56:20.7152|INFO|Microsoft.Hosting.Lifetime|Application started. Press Ctrl+C to shut down.
2021-09-07 23:56:20.7369|INFO|Microsoft.Hosting.Lifetime|Hosting environment: Development
2021-09-07 23:56:20.7369|INFO|Microsoft.Hosting.Lifetime|Content root path: G:\VS2019 Projects\BlazorWebAssemblyDemo\BlazorProject\Server
2021-09-07 23:57:00.1071|INFO|Microsoft.Hosting.Lifetime|Application started. Press Ctrl+C to shut down.
2021-09-07 23:57:00.1253|INFO|Microsoft.Hosting.Lifetime|Hosting environment: Development
2021-09-07 23:57:00.1253|INFO|Microsoft.Hosting.Lifetime|Content root path: G:\VS2019 Projects\BlazorWebAssemblyDemo\BlazorProject\Server
2021-09-07 23:58:09.1805|INFO|Microsoft.Hosting.Lifetime|Application started. Press Ctrl+C to shut down.
2021-09-07 23:58:09.2034|INFO|Microsoft.Hosting.Lifetime|Hosting environment: Development
2021-09-07 23:58:09.2034|INFO|Microsoft.Hosting.Lifetime|Content root path: G:\VS2019 Projects\BlazorWebAssemblyDemo\BlazorProject\Server
2021-09-07 23:58:30.2816|INFO|Microsoft.Hosting.Lifetime|Application started. Press Ctrl+C to shut down.
2021-09-07 23:58:30.3006|INFO|Microsoft.Hosting.Lifetime|Hosting environment: Development
2021-09-07 23:58:30.3006|INFO|Microsoft.Hosting.Lifetime|Content root path: G:\VS2019 Projects\BlazorWebAssemblyDemo\BlazorProject\Server
2021-09-07 23:59:51.0708|INFO|Microsoft.Hosting.Lifetime|Application started. Press Ctrl+C to shut down.
2021-09-07 23:59:51.0920|INFO|Microsoft.Hosting.Lifetime|Hosting environment: Development
2021-09-07 23:59:51.0920|INFO|Microsoft.Hosting.Lifetime|Content root path: G:\VS2019 Projects\BlazorWebAssemblyDemo\BlazorProject\Server
