2021-09-02 15:57:32.1844|INFO|Microsoft.Hosting.Lifetime|Application started. Press Ctrl+C to shut down.
2021-09-02 15:57:32.2040|INFO|Microsoft.Hosting.Lifetime|Hosting environment: Development
2021-09-02 15:57:32.2057|INFO|Microsoft.Hosting.Lifetime|Content root path: G:\VS2019 Projects\BlazorWebAssemblyDemo\BlazorProject\Server
2021-09-02 15:59:55.2779|INFO|Microsoft.Hosting.Lifetime|Application started. Press Ctrl+C to shut down.
2021-09-02 15:59:55.2993|INFO|Microsoft.Hosting.Lifetime|Hosting environment: Development
2021-09-02 15:59:55.2993|INFO|Microsoft.Hosting.Lifetime|Content root path: G:\VS2019 Projects\BlazorWebAssemblyDemo\BlazorProject\Server
2021-09-02 16:00:42.2958|INFO|Microsoft.Hosting.Lifetime|Application started. Press Ctrl+C to shut down.
2021-09-02 16:00:42.3137|INFO|Microsoft.Hosting.Lifetime|Hosting environment: Development
2021-09-02 16:00:42.3156|INFO|Microsoft.Hosting.Lifetime|Content root path: G:\VS2019 Projects\BlazorWebAssemblyDemo\BlazorProject\Server
2021-09-02 16:01:06.1780|INFO|Microsoft.Hosting.Lifetime|Application started. Press Ctrl+C to shut down.
2021-09-02 16:01:06.1999|INFO|Microsoft.Hosting.Lifetime|Hosting environment: Development
2021-09-02 16:01:06.1999|INFO|Microsoft.Hosting.Lifetime|Content root path: G:\VS2019 Projects\BlazorWebAssemblyDemo\BlazorProject\Server
2021-09-02 16:01:10.7480|INFO|Microsoft.Hosting.Lifetime|Application started. Press Ctrl+C to shut down.
2021-09-02 16:01:10.7675|INFO|Microsoft.Hosting.Lifetime|Hosting environment: Development
2021-09-02 16:01:10.7689|INFO|Microsoft.Hosting.Lifetime|Content root path: G:\VS2019 Projects\BlazorWebAssemblyDemo\BlazorProject\Server
2021-09-02 16:02:43.0381|INFO|Microsoft.Hosting.Lifetime|Application started. Press Ctrl+C to shut down.
2021-09-02 16:02:43.0560|INFO|Microsoft.Hosting.Lifetime|Hosting environment: Development
2021-09-02 16:02:43.0560|INFO|Microsoft.Hosting.Lifetime|Content root path: G:\VS2019 Projects\BlazorWebAssemblyDemo\BlazorProject\Server
2021-09-02 16:04:10.7875|INFO|Microsoft.Hosting.Lifetime|Application started. Press Ctrl+C to shut down.
2021-09-02 16:04:10.8054|INFO|Microsoft.Hosting.Lifetime|Hosting environment: Development
2021-09-02 16:04:10.8054|INFO|Microsoft.Hosting.Lifetime|Content root path: G:\VS2019 Projects\BlazorWebAssemblyDemo\BlazorProject\Server
2021-09-02 16:04:42.5718|INFO|Microsoft.Hosting.Lifetime|Application started. Press Ctrl+C to shut down.
2021-09-02 16:04:42.5896|INFO|Microsoft.Hosting.Lifetime|Hosting environment: Development
2021-09-02 16:04:42.5896|INFO|Microsoft.Hosting.Lifetime|Content root path: G:\VS2019 Projects\BlazorWebAssemblyDemo\BlazorProject\Server
2021-09-02 16:05:16.3397|INFO|Microsoft.Hosting.Lifetime|Application started. Press Ctrl+C to shut down.
2021-09-02 16:05:16.3598|INFO|Microsoft.Hosting.Lifetime|Hosting environment: Development
2021-09-02 16:05:16.3614|INFO|Microsoft.Hosting.Lifetime|Content root path: G:\VS2019 Projects\BlazorWebAssemblyDemo\BlazorProject\Server
2021-09-02 16:11:30.1155|INFO|Microsoft.Hosting.Lifetime|Application started. Press Ctrl+C to shut down.
2021-09-02 16:11:30.1332|INFO|Microsoft.Hosting.Lifetime|Hosting environment: Development
2021-09-02 16:11:30.1332|INFO|Microsoft.Hosting.Lifetime|Content root path: G:\VS2019 Projects\BlazorWebAssemblyDemo\BlazorProject\Server
2021-09-02 16:11:39.4076|INFO|Microsoft.Hosting.Lifetime|Application started. Press Ctrl+C to shut down.
2021-09-02 16:11:39.4260|INFO|Microsoft.Hosting.Lifetime|Hosting environment: Development
2021-09-02 16:11:39.4260|INFO|Microsoft.Hosting.Lifetime|Content root path: G:\VS2019 Projects\BlazorWebAssemblyDemo\BlazorProject\Server
2021-09-02 16:11:48.0189|INFO|Microsoft.Hosting.Lifetime|Application started. Press Ctrl+C to shut down.
2021-09-02 16:11:48.0437|INFO|Microsoft.Hosting.Lifetime|Hosting environment: Development
2021-09-02 16:11:48.0437|INFO|Microsoft.Hosting.Lifetime|Content root path: G:\VS2019 Projects\BlazorWebAssemblyDemo\BlazorProject\Server
2021-09-02 16:12:04.2012|INFO|Microsoft.Hosting.Lifetime|Application started. Press Ctrl+C to shut down.
2021-09-02 16:12:04.2191|INFO|Microsoft.Hosting.Lifetime|Hosting environment: Development
2021-09-02 16:12:04.2191|INFO|Microsoft.Hosting.Lifetime|Content root path: G:\VS2019 Projects\BlazorWebAssemblyDemo\BlazorProject\Server
2021-09-02 16:13:36.8332|INFO|Microsoft.Hosting.Lifetime|Application started. Press Ctrl+C to shut down.
2021-09-02 16:13:36.8553|INFO|Microsoft.Hosting.Lifetime|Hosting environment: Development
2021-09-02 16:13:36.8553|INFO|Microsoft.Hosting.Lifetime|Content root path: G:\VS2019 Projects\BlazorWebAssemblyDemo\BlazorProject\Server
2021-09-02 16:13:53.5330|INFO|Microsoft.Hosting.Lifetime|Application started. Press Ctrl+C to shut down.
2021-09-02 16:13:53.5573|INFO|Microsoft.Hosting.Lifetime|Hosting environment: Development
2021-09-02 16:13:53.5573|INFO|Microsoft.Hosting.Lifetime|Content root path: G:\VS2019 Projects\BlazorWebAssemblyDemo\BlazorProject\Server
2021-09-02 16:17:01.6761|INFO|Microsoft.Hosting.Lifetime|Application started. Press Ctrl+C to shut down.
2021-09-02 16:17:01.6972|INFO|Microsoft.Hosting.Lifetime|Hosting environment: Development
2021-09-02 16:17:01.6972|INFO|Microsoft.Hosting.Lifetime|Content root path: G:\VS2019 Projects\BlazorWebAssemblyDemo\BlazorProject\Server
2021-09-02 16:18:38.7205|INFO|Microsoft.Hosting.Lifetime|Application started. Press Ctrl+C to shut down.
2021-09-02 16:18:38.7414|INFO|Microsoft.Hosting.Lifetime|Hosting environment: Development
2021-09-02 16:18:38.7414|INFO|Microsoft.Hosting.Lifetime|Content root path: G:\VS2019 Projects\BlazorWebAssemblyDemo\BlazorProject\Server
2021-09-02 16:19:45.3411|INFO|Microsoft.Hosting.Lifetime|Application started. Press Ctrl+C to shut down.
2021-09-02 16:19:45.3607|INFO|Microsoft.Hosting.Lifetime|Hosting environment: Development
2021-09-02 16:19:45.3623|INFO|Microsoft.Hosting.Lifetime|Content root path: G:\VS2019 Projects\BlazorWebAssemblyDemo\BlazorProject\Server
2021-09-02 16:20:09.1076|INFO|Microsoft.Hosting.Lifetime|Application started. Press Ctrl+C to shut down.
2021-09-02 16:20:09.1256|INFO|Microsoft.Hosting.Lifetime|Hosting environment: Development
2021-09-02 16:20:09.1272|INFO|Microsoft.Hosting.Lifetime|Content root path: G:\VS2019 Projects\BlazorWebAssemblyDemo\BlazorProject\Server
2021-09-02 16:20:21.3241|INFO|Microsoft.Hosting.Lifetime|Application started. Press Ctrl+C to shut down.
2021-09-02 16:20:21.3455|INFO|Microsoft.Hosting.Lifetime|Hosting environment: Development
2021-09-02 16:20:21.3468|INFO|Microsoft.Hosting.Lifetime|Content root path: G:\VS2019 Projects\BlazorWebAssemblyDemo\BlazorProject\Server
2021-09-02 16:21:02.0555|INFO|Microsoft.Hosting.Lifetime|Application started. Press Ctrl+C to shut down.
2021-09-02 16:21:02.0740|INFO|Microsoft.Hosting.Lifetime|Hosting environment: Development
2021-09-02 16:21:02.0740|INFO|Microsoft.Hosting.Lifetime|Content root path: G:\VS2019 Projects\BlazorWebAssemblyDemo\BlazorProject\Server
2021-09-02 16:21:10.9244|INFO|Microsoft.Hosting.Lifetime|Application started. Press Ctrl+C to shut down.
2021-09-02 16:21:10.9481|INFO|Microsoft.Hosting.Lifetime|Hosting environment: Development
2021-09-02 16:21:10.9481|INFO|Microsoft.Hosting.Lifetime|Content root path: G:\VS2019 Projects\BlazorWebAssemblyDemo\BlazorProject\Server
2021-09-02 16:21:41.6203|INFO|Microsoft.Hosting.Lifetime|Application started. Press Ctrl+C to shut down.
2021-09-02 16:21:41.6387|INFO|Microsoft.Hosting.Lifetime|Hosting environment: Development
2021-09-02 16:21:41.6387|INFO|Microsoft.Hosting.Lifetime|Content root path: G:\VS2019 Projects\BlazorWebAssemblyDemo\BlazorProject\Server
2021-09-02 16:22:13.9532|INFO|Microsoft.Hosting.Lifetime|Application started. Press Ctrl+C to shut down.
2021-09-02 16:22:13.9774|INFO|Microsoft.Hosting.Lifetime|Hosting environment: Development
2021-09-02 16:22:13.9774|INFO|Microsoft.Hosting.Lifetime|Content root path: G:\VS2019 Projects\BlazorWebAssemblyDemo\BlazorProject\Server
2021-09-02 16:23:13.6881|INFO|Microsoft.Hosting.Lifetime|Application started. Press Ctrl+C to shut down.
2021-09-02 16:23:13.7058|INFO|Microsoft.Hosting.Lifetime|Hosting environment: Development
2021-09-02 16:23:13.7058|INFO|Microsoft.Hosting.Lifetime|Content root path: G:\VS2019 Projects\BlazorWebAssemblyDemo\BlazorProject\Server
2021-09-02 16:23:26.9110|INFO|Microsoft.Hosting.Lifetime|Application started. Press Ctrl+C to shut down.
2021-09-02 16:23:26.9287|INFO|Microsoft.Hosting.Lifetime|Hosting environment: Development
2021-09-02 16:23:26.9287|INFO|Microsoft.Hosting.Lifetime|Content root path: G:\VS2019 Projects\BlazorWebAssemblyDemo\BlazorProject\Server
2021-09-02 16:24:24.4670|INFO|Microsoft.Hosting.Lifetime|Application started. Press Ctrl+C to shut down.
2021-09-02 16:24:24.4868|INFO|Microsoft.Hosting.Lifetime|Hosting environment: Development
2021-09-02 16:24:24.4868|INFO|Microsoft.Hosting.Lifetime|Content root path: G:\VS2019 Projects\BlazorWebAssemblyDemo\BlazorProject\Server
2021-09-02 16:24:46.9362|INFO|Microsoft.Hosting.Lifetime|Application started. Press Ctrl+C to shut down.
2021-09-02 16:24:46.9535|INFO|Microsoft.Hosting.Lifetime|Hosting environment: Development
2021-09-02 16:24:46.9535|INFO|Microsoft.Hosting.Lifetime|Content root path: G:\VS2019 Projects\BlazorWebAssemblyDemo\BlazorProject\Server
2021-09-02 16:24:49.9688|INFO|Microsoft.Hosting.Lifetime|Application started. Press Ctrl+C to shut down.
2021-09-02 16:24:49.9868|INFO|Microsoft.Hosting.Lifetime|Hosting environment: Development
2021-09-02 16:24:49.9868|INFO|Microsoft.Hosting.Lifetime|Content root path: G:\VS2019 Projects\BlazorWebAssemblyDemo\BlazorProject\Server
2021-09-02 16:25:08.3895|INFO|Microsoft.Hosting.Lifetime|Application started. Press Ctrl+C to shut down.
2021-09-02 16:25:08.4079|INFO|Microsoft.Hosting.Lifetime|Hosting environment: Development
2021-09-02 16:25:08.4095|INFO|Microsoft.Hosting.Lifetime|Content root path: G:\VS2019 Projects\BlazorWebAssemblyDemo\BlazorProject\Server
2021-09-02 16:25:33.5983|INFO|Microsoft.Hosting.Lifetime|Application started. Press Ctrl+C to shut down.
2021-09-02 16:25:33.6177|INFO|Microsoft.Hosting.Lifetime|Hosting environment: Development
2021-09-02 16:25:33.6177|INFO|Microsoft.Hosting.Lifetime|Content root path: G:\VS2019 Projects\BlazorWebAssemblyDemo\BlazorProject\Server
2021-09-02 16:26:02.6881|INFO|Microsoft.Hosting.Lifetime|Application started. Press Ctrl+C to shut down.
2021-09-02 16:26:02.7087|INFO|Microsoft.Hosting.Lifetime|Hosting environment: Development
2021-09-02 16:26:02.7087|INFO|Microsoft.Hosting.Lifetime|Content root path: G:\VS2019 Projects\BlazorWebAssemblyDemo\BlazorProject\Server
2021-09-02 16:26:55.4091|INFO|Microsoft.Hosting.Lifetime|Application started. Press Ctrl+C to shut down.
2021-09-02 16:26:55.4265|INFO|Microsoft.Hosting.Lifetime|Hosting environment: Development
2021-09-02 16:26:55.4265|INFO|Microsoft.Hosting.Lifetime|Content root path: G:\VS2019 Projects\BlazorWebAssemblyDemo\BlazorProject\Server
2021-09-02 16:27:41.0900|INFO|Microsoft.Hosting.Lifetime|Application started. Press Ctrl+C to shut down.
2021-09-02 16:27:41.1110|INFO|Microsoft.Hosting.Lifetime|Hosting environment: Development
2021-09-02 16:27:41.1110|INFO|Microsoft.Hosting.Lifetime|Content root path: G:\VS2019 Projects\BlazorWebAssemblyDemo\BlazorProject\Server
2021-09-02 16:28:02.9666|INFO|Microsoft.Hosting.Lifetime|Application started. Press Ctrl+C to shut down.
2021-09-02 16:28:02.9847|INFO|Microsoft.Hosting.Lifetime|Hosting environment: Development
2021-09-02 16:28:02.9847|INFO|Microsoft.Hosting.Lifetime|Content root path: G:\VS2019 Projects\BlazorWebAssemblyDemo\BlazorProject\Server
2021-09-02 16:28:15.3986|INFO|Microsoft.Hosting.Lifetime|Application started. Press Ctrl+C to shut down.
2021-09-02 16:28:15.4166|INFO|Microsoft.Hosting.Lifetime|Hosting environment: Development
2021-09-02 16:28:15.4166|INFO|Microsoft.Hosting.Lifetime|Content root path: G:\VS2019 Projects\BlazorWebAssemblyDemo\BlazorProject\Server
2021-09-02 16:30:05.9561|INFO|Microsoft.Hosting.Lifetime|Application started. Press Ctrl+C to shut down.
2021-09-02 16:30:05.9753|INFO|Microsoft.Hosting.Lifetime|Hosting environment: Development
2021-09-02 16:30:05.9753|INFO|Microsoft.Hosting.Lifetime|Content root path: G:\VS2019 Projects\BlazorWebAssemblyDemo\BlazorProject\Server
2021-09-02 16:31:57.0052|INFO|Microsoft.Hosting.Lifetime|Application started. Press Ctrl+C to shut down.
2021-09-02 16:31:57.0238|INFO|Microsoft.Hosting.Lifetime|Hosting environment: Development
2021-09-02 16:31:57.0238|INFO|Microsoft.Hosting.Lifetime|Content root path: G:\VS2019 Projects\BlazorWebAssemblyDemo\BlazorProject\Server
2021-09-02 16:32:51.9616|INFO|Microsoft.Hosting.Lifetime|Application started. Press Ctrl+C to shut down.
2021-09-02 16:32:51.9789|INFO|Microsoft.Hosting.Lifetime|Hosting environment: Development
2021-09-02 16:32:51.9789|INFO|Microsoft.Hosting.Lifetime|Content root path: G:\VS2019 Projects\BlazorWebAssemblyDemo\BlazorProject\Server
2021-09-02 16:33:26.7879|INFO|Microsoft.Hosting.Lifetime|Application started. Press Ctrl+C to shut down.
2021-09-02 16:33:26.8110|INFO|Microsoft.Hosting.Lifetime|Hosting environment: Development
2021-09-02 16:33:26.8110|INFO|Microsoft.Hosting.Lifetime|Content root path: G:\VS2019 Projects\BlazorWebAssemblyDemo\BlazorProject\Server
2021-09-02 16:35:45.6236|INFO|Microsoft.Hosting.Lifetime|Application started. Press Ctrl+C to shut down.
2021-09-02 16:35:45.6411|INFO|Microsoft.Hosting.Lifetime|Hosting environment: Development
2021-09-02 16:35:45.6425|INFO|Microsoft.Hosting.Lifetime|Content root path: G:\VS2019 Projects\BlazorWebAssemblyDemo\BlazorProject\Server
2021-09-02 16:36:55.9192|INFO|Microsoft.Hosting.Lifetime|Application started. Press Ctrl+C to shut down.
2021-09-02 16:36:55.9379|INFO|Microsoft.Hosting.Lifetime|Hosting environment: Development
2021-09-02 16:36:55.9379|INFO|Microsoft.Hosting.Lifetime|Content root path: G:\VS2019 Projects\BlazorWebAssemblyDemo\BlazorProject\Server
2021-09-02 16:37:42.1855|INFO|Microsoft.Hosting.Lifetime|Application started. Press Ctrl+C to shut down.
2021-09-02 16:37:42.2087|INFO|Microsoft.Hosting.Lifetime|Hosting environment: Development
2021-09-02 16:37:42.2087|INFO|Microsoft.Hosting.Lifetime|Content root path: G:\VS2019 Projects\BlazorWebAssemblyDemo\BlazorProject\Server
2021-09-02 16:38:10.9495|INFO|Microsoft.Hosting.Lifetime|Application started. Press Ctrl+C to shut down.
2021-09-02 16:38:10.9712|INFO|Microsoft.Hosting.Lifetime|Hosting environment: Development
2021-09-02 16:38:10.9712|INFO|Microsoft.Hosting.Lifetime|Content root path: G:\VS2019 Projects\BlazorWebAssemblyDemo\BlazorProject\Server
2021-09-02 16:40:20.1080|INFO|Microsoft.Hosting.Lifetime|Application started. Press Ctrl+C to shut down.
2021-09-02 16:40:20.1305|INFO|Microsoft.Hosting.Lifetime|Hosting environment: Development
2021-09-02 16:40:20.1305|INFO|Microsoft.Hosting.Lifetime|Content root path: G:\VS2019 Projects\BlazorWebAssemblyDemo\BlazorProject\Server
2021-09-02 16:40:28.1016|INFO|Microsoft.Hosting.Lifetime|Application started. Press Ctrl+C to shut down.
2021-09-02 16:40:28.1224|INFO|Microsoft.Hosting.Lifetime|Hosting environment: Development
2021-09-02 16:40:28.1224|INFO|Microsoft.Hosting.Lifetime|Content root path: G:\VS2019 Projects\BlazorWebAssemblyDemo\BlazorProject\Server
2021-09-02 16:41:37.8452|INFO|Microsoft.Hosting.Lifetime|Application started. Press Ctrl+C to shut down.
2021-09-02 16:41:37.8633|INFO|Microsoft.Hosting.Lifetime|Hosting environment: Development
2021-09-02 16:41:37.8633|INFO|Microsoft.Hosting.Lifetime|Content root path: G:\VS2019 Projects\BlazorWebAssemblyDemo\BlazorProject\Server
2021-09-02 16:43:09.4115|INFO|Microsoft.Hosting.Lifetime|Application started. Press Ctrl+C to shut down.
2021-09-02 16:43:09.4291|INFO|Microsoft.Hosting.Lifetime|Hosting environment: Development
2021-09-02 16:43:09.4291|INFO|Microsoft.Hosting.Lifetime|Content root path: G:\VS2019 Projects\BlazorWebAssemblyDemo\BlazorProject\Server
2021-09-02 16:43:50.5814|INFO|Microsoft.Hosting.Lifetime|Application started. Press Ctrl+C to shut down.
2021-09-02 16:43:50.5988|INFO|Microsoft.Hosting.Lifetime|Hosting environment: Development
2021-09-02 16:43:50.5988|INFO|Microsoft.Hosting.Lifetime|Content root path: G:\VS2019 Projects\BlazorWebAssemblyDemo\BlazorProject\Server
2021-09-02 16:44:28.8313|INFO|Microsoft.Hosting.Lifetime|Application started. Press Ctrl+C to shut down.
2021-09-02 16:44:28.8490|INFO|Microsoft.Hosting.Lifetime|Hosting environment: Development
2021-09-02 16:44:28.8490|INFO|Microsoft.Hosting.Lifetime|Content root path: G:\VS2019 Projects\BlazorWebAssemblyDemo\BlazorProject\Server
2021-09-02 16:45:08.7024|INFO|Microsoft.Hosting.Lifetime|Application started. Press Ctrl+C to shut down.
2021-09-02 16:45:08.7228|INFO|Microsoft.Hosting.Lifetime|Hosting environment: Development
2021-09-02 16:45:08.7228|INFO|Microsoft.Hosting.Lifetime|Content root path: G:\VS2019 Projects\BlazorWebAssemblyDemo\BlazorProject\Server
2021-09-02 16:45:22.1656|INFO|Microsoft.Hosting.Lifetime|Application started. Press Ctrl+C to shut down.
2021-09-02 16:45:22.1849|INFO|Microsoft.Hosting.Lifetime|Hosting environment: Development
2021-09-02 16:45:22.1849|INFO|Microsoft.Hosting.Lifetime|Content root path: G:\VS2019 Projects\BlazorWebAssemblyDemo\BlazorProject\Server
2021-09-02 16:45:45.1669|INFO|Microsoft.Hosting.Lifetime|Application started. Press Ctrl+C to shut down.
2021-09-02 16:45:45.1846|INFO|Microsoft.Hosting.Lifetime|Hosting environment: Development
2021-09-02 16:45:45.1846|INFO|Microsoft.Hosting.Lifetime|Content root path: G:\VS2019 Projects\BlazorWebAssemblyDemo\BlazorProject\Server
2021-09-02 16:46:00.9481|INFO|Microsoft.Hosting.Lifetime|Application started. Press Ctrl+C to shut down.
2021-09-02 16:46:00.9721|INFO|Microsoft.Hosting.Lifetime|Hosting environment: Development
2021-09-02 16:46:00.9721|INFO|Microsoft.Hosting.Lifetime|Content root path: G:\VS2019 Projects\BlazorWebAssemblyDemo\BlazorProject\Server
2021-09-02 16:46:56.1582|INFO|Microsoft.Hosting.Lifetime|Application started. Press Ctrl+C to shut down.
2021-09-02 16:46:56.1769|INFO|Microsoft.Hosting.Lifetime|Hosting environment: Development
2021-09-02 16:46:56.1769|INFO|Microsoft.Hosting.Lifetime|Content root path: G:\VS2019 Projects\BlazorWebAssemblyDemo\BlazorProject\Server
2021-09-02 16:47:52.8260|INFO|BlazorProject.Server.Middlewares.CustomAuthMiddleware|/api/blog/createblog | POST | ::1
2021-09-02 17:13:17.4134|INFO|Microsoft.Hosting.Lifetime|Application started. Press Ctrl+C to shut down.
2021-09-02 17:13:17.4314|INFO|Microsoft.Hosting.Lifetime|Hosting environment: Development
2021-09-02 17:13:17.4314|INFO|Microsoft.Hosting.Lifetime|Content root path: G:\VS2019 Projects\BlazorWebAssemblyDemo\BlazorProject\Server
2021-09-02 17:14:22.8840|INFO|Microsoft.Hosting.Lifetime|Application started. Press Ctrl+C to shut down.
2021-09-02 17:14:22.9067|INFO|Microsoft.Hosting.Lifetime|Hosting environment: Development
2021-09-02 17:14:22.9082|INFO|Microsoft.Hosting.Lifetime|Content root path: G:\VS2019 Projects\BlazorWebAssemblyDemo\BlazorProject\Server
2021-09-02 17:14:32.3229|INFO|Microsoft.Hosting.Lifetime|Application started. Press Ctrl+C to shut down.
2021-09-02 17:14:32.3415|INFO|Microsoft.Hosting.Lifetime|Hosting environment: Development
2021-09-02 17:14:32.3415|INFO|Microsoft.Hosting.Lifetime|Content root path: G:\VS2019 Projects\BlazorWebAssemblyDemo\BlazorProject\Server
2021-09-02 17:15:27.7682|INFO|Microsoft.Hosting.Lifetime|Application started. Press Ctrl+C to shut down.
2021-09-02 17:15:27.7902|INFO|Microsoft.Hosting.Lifetime|Hosting environment: Development
2021-09-02 17:15:27.7902|INFO|Microsoft.Hosting.Lifetime|Content root path: G:\VS2019 Projects\BlazorWebAssemblyDemo\BlazorProject\Server
2021-09-02 17:19:50.3942|INFO|Microsoft.Hosting.Lifetime|Application started. Press Ctrl+C to shut down.
2021-09-02 17:19:50.4130|INFO|Microsoft.Hosting.Lifetime|Hosting environment: Development
2021-09-02 17:19:50.4130|INFO|Microsoft.Hosting.Lifetime|Content root path: G:\VS2019 Projects\BlazorWebAssemblyDemo\BlazorProject\Server
2021-09-02 17:20:01.8562|INFO|BlazorProject.Server.Middlewares.CustomAuthMiddleware|/api/blog/GetBlogByUserid | GET | ::1
2021-09-02 17:20:25.7299|INFO|Microsoft.Hosting.Lifetime|Application started. Press Ctrl+C to shut down.
2021-09-02 17:20:25.7489|INFO|Microsoft.Hosting.Lifetime|Hosting environment: Development
2021-09-02 17:20:25.7489|INFO|Microsoft.Hosting.Lifetime|Content root path: G:\VS2019 Projects\BlazorWebAssemblyDemo\BlazorProject\Server
2021-09-02 17:20:42.2346|INFO|BlazorProject.Server.Middlewares.CustomAuthMiddleware|/api/blog/GetBlogByUserid | GET | ::1
2021-09-02 17:22:15.8453|INFO|Microsoft.Hosting.Lifetime|Application started. Press Ctrl+C to shut down.
2021-09-02 17:22:15.8749|INFO|Microsoft.Hosting.Lifetime|Hosting environment: Development
2021-09-02 17:22:15.8749|INFO|Microsoft.Hosting.Lifetime|Content root path: G:\VS2019 Projects\BlazorWebAssemblyDemo\BlazorProject\Server
2021-09-02 17:22:29.5178|INFO|BlazorProject.Server.Middlewares.CustomAuthMiddleware|/api/blog/GetBlogByUserid | GET | ::1
2021-09-02 17:23:36.3589|INFO|BlazorProject.Server.Middlewares.CustomAuthMiddleware|/api/blog/GetBlogByUserid | GET | ::1
2021-09-02 17:24:56.1727|INFO|BlazorProject.Server.Middlewares.CustomAuthMiddleware|/api/blog/GetBlogByUserid | GET | ::1
2021-09-02 17:26:24.9134|INFO|Microsoft.Hosting.Lifetime|Application started. Press Ctrl+C to shut down.
2021-09-02 17:26:24.9370|INFO|Microsoft.Hosting.Lifetime|Hosting environment: Development
2021-09-02 17:26:24.9370|INFO|Microsoft.Hosting.Lifetime|Content root path: G:\VS2019 Projects\BlazorWebAssemblyDemo\BlazorProject\Server
2021-09-02 17:26:38.8806|INFO|BlazorProject.Server.Middlewares.CustomAuthMiddleware|/api/blog/GetBlogByUserid | GET | ::1
2021-09-02 17:27:02.7401|INFO|Microsoft.Hosting.Lifetime|Application started. Press Ctrl+C to shut down.
2021-09-02 17:27:02.7577|INFO|Microsoft.Hosting.Lifetime|Hosting environment: Development
2021-09-02 17:27:02.7577|INFO|Microsoft.Hosting.Lifetime|Content root path: G:\VS2019 Projects\BlazorWebAssemblyDemo\BlazorProject\Server
2021-09-02 17:27:14.0062|INFO|BlazorProject.Server.Middlewares.CustomAuthMiddleware|/api/blog/GetBlogByUserid | GET | ::1
2021-09-02 17:28:37.8985|INFO|Microsoft.Hosting.Lifetime|Application started. Press Ctrl+C to shut down.
2021-09-02 17:28:37.9170|INFO|Microsoft.Hosting.Lifetime|Hosting environment: Development
2021-09-02 17:28:37.9170|INFO|Microsoft.Hosting.Lifetime|Content root path: G:\VS2019 Projects\BlazorWebAssemblyDemo\BlazorProject\Server
2021-09-02 17:28:47.5742|INFO|BlazorProject.Server.Middlewares.CustomAuthMiddleware|/api/blog/GetBlogByUserid | GET | ::1
2021-09-02 17:29:04.7766|INFO|Microsoft.Hosting.Lifetime|Application started. Press Ctrl+C to shut down.
2021-09-02 17:29:04.7970|INFO|Microsoft.Hosting.Lifetime|Hosting environment: Development
2021-09-02 17:29:04.7989|INFO|Microsoft.Hosting.Lifetime|Content root path: G:\VS2019 Projects\BlazorWebAssemblyDemo\BlazorProject\Server
2021-09-02 17:29:24.9751|INFO|BlazorProject.Server.Middlewares.CustomAuthMiddleware|/api/blog/GetBlogByUserid | GET | ::1
2021-09-02 17:29:28.0737|INFO|BlazorProject.Server.Middlewares.CustomAuthMiddleware|/api/blog/GetBlogByUserid | GET | ::1
2021-09-02 17:29:34.6464|INFO|BlazorProject.Server.Middlewares.CustomAuthMiddleware|/api/blog/GetBlogByUserid | GET | ::1
2021-09-02 18:27:05.7816|INFO|Microsoft.Hosting.Lifetime|Application started. Press Ctrl+C to shut down.
2021-09-02 18:27:05.8005|INFO|Microsoft.Hosting.Lifetime|Hosting environment: Development
2021-09-02 18:27:05.8005|INFO|Microsoft.Hosting.Lifetime|Content root path: G:\VS2019 Projects\BlazorWebAssemblyDemo\BlazorProject\Server
2021-09-02 18:27:17.2691|INFO|BlazorProject.Server.Middlewares.CustomAuthMiddleware|/api/blog/GetBlogByUserid | GET | ::1
2021-09-02 18:28:26.4477|INFO|Microsoft.Hosting.Lifetime|Application started. Press Ctrl+C to shut down.
2021-09-02 18:28:26.4661|INFO|Microsoft.Hosting.Lifetime|Hosting environment: Development
2021-09-02 18:28:26.4661|INFO|Microsoft.Hosting.Lifetime|Content root path: G:\VS2019 Projects\BlazorWebAssemblyDemo\BlazorProject\Server
2021-09-02 18:28:37.6706|INFO|BlazorProject.Server.Middlewares.CustomAuthMiddleware|/api/blog/GetBlogByUserid | GET | ::1
2021-09-02 18:29:08.8641|INFO|Microsoft.Hosting.Lifetime|Application started. Press Ctrl+C to shut down.
2021-09-02 18:29:08.8824|INFO|Microsoft.Hosting.Lifetime|Hosting environment: Development
2021-09-02 18:29:08.8824|INFO|Microsoft.Hosting.Lifetime|Content root path: G:\VS2019 Projects\BlazorWebAssemblyDemo\BlazorProject\Server
2021-09-02 18:29:18.5570|INFO|BlazorProject.Server.Middlewares.CustomAuthMiddleware|/api/blog/GetBlogByUserid | POST | ::1
2021-09-02 18:34:52.1314|INFO|Microsoft.Hosting.Lifetime|Application started. Press Ctrl+C to shut down.
2021-09-02 18:34:52.1519|INFO|Microsoft.Hosting.Lifetime|Hosting environment: Development
2021-09-02 18:34:52.1519|INFO|Microsoft.Hosting.Lifetime|Content root path: G:\VS2019 Projects\BlazorWebAssemblyDemo\BlazorProject\Server
2021-09-02 18:35:02.6399|INFO|BlazorProject.Server.Middlewares.CustomAuthMiddleware|/api/blog/GetBlogByUserid | POST | ::1
2021-09-02 18:35:58.1514|INFO|Microsoft.Hosting.Lifetime|Application started. Press Ctrl+C to shut down.
2021-09-02 18:35:58.1702|INFO|Microsoft.Hosting.Lifetime|Hosting environment: Development
2021-09-02 18:35:58.1702|INFO|Microsoft.Hosting.Lifetime|Content root path: G:\VS2019 Projects\BlazorWebAssemblyDemo\BlazorProject\Server
2021-09-02 18:36:09.2069|INFO|Microsoft.Hosting.Lifetime|Application started. Press Ctrl+C to shut down.
2021-09-02 18:36:09.2248|INFO|Microsoft.Hosting.Lifetime|Hosting environment: Development
2021-09-02 18:36:09.2248|INFO|Microsoft.Hosting.Lifetime|Content root path: G:\VS2019 Projects\BlazorWebAssemblyDemo\BlazorProject\Server
2021-09-02 18:36:20.5209|INFO|Microsoft.Hosting.Lifetime|Application started. Press Ctrl+C to shut down.
2021-09-02 18:36:20.5389|INFO|Microsoft.Hosting.Lifetime|Hosting environment: Development
2021-09-02 18:36:20.5389|INFO|Microsoft.Hosting.Lifetime|Content root path: G:\VS2019 Projects\BlazorWebAssemblyDemo\BlazorProject\Server
2021-09-02 18:36:39.1505|INFO|Microsoft.Hosting.Lifetime|Application started. Press Ctrl+C to shut down.
2021-09-02 18:36:39.1688|INFO|Microsoft.Hosting.Lifetime|Hosting environment: Development
2021-09-02 18:36:39.1688|INFO|Microsoft.Hosting.Lifetime|Content root path: G:\VS2019 Projects\BlazorWebAssemblyDemo\BlazorProject\Server
2021-09-02 18:36:47.8658|INFO|BlazorProject.Server.Middlewares.CustomAuthMiddleware|/api/blog/GetBlogsByUserid | POST | ::1
2021-09-02 18:37:26.6704|INFO|Microsoft.Hosting.Lifetime|Application started. Press Ctrl+C to shut down.
2021-09-02 18:37:26.6882|INFO|Microsoft.Hosting.Lifetime|Hosting environment: Development
2021-09-02 18:37:26.6900|INFO|Microsoft.Hosting.Lifetime|Content root path: G:\VS2019 Projects\BlazorWebAssemblyDemo\BlazorProject\Server
2021-09-02 18:37:42.9068|INFO|BlazorProject.Server.Middlewares.CustomAuthMiddleware|/api/blog/GetBlogsByUserid | POST | ::1
2021-09-02 18:38:11.5640|INFO|Microsoft.Hosting.Lifetime|Application started. Press Ctrl+C to shut down.
2021-09-02 18:38:11.5817|INFO|Microsoft.Hosting.Lifetime|Hosting environment: Development
2021-09-02 18:38:11.5817|INFO|Microsoft.Hosting.Lifetime|Content root path: G:\VS2019 Projects\BlazorWebAssemblyDemo\BlazorProject\Server
2021-09-02 18:38:25.6667|INFO|BlazorProject.Server.Middlewares.CustomAuthMiddleware|/api/blog/GetBlogsByUserid | POST | ::1
2021-09-02 18:39:12.9615|INFO|Microsoft.Hosting.Lifetime|Application started. Press Ctrl+C to shut down.
2021-09-02 18:39:12.9825|INFO|Microsoft.Hosting.Lifetime|Hosting environment: Development
2021-09-02 18:39:12.9825|INFO|Microsoft.Hosting.Lifetime|Content root path: G:\VS2019 Projects\BlazorWebAssemblyDemo\BlazorProject\Server
2021-09-02 18:39:25.0102|INFO|BlazorProject.Server.Middlewares.CustomAuthMiddleware|/api/blog/GetBlogsByUserid | POST | ::1
2021-09-02 18:39:31.4083|INFO|BlazorProject.Server.Middlewares.CustomAuthMiddleware|/api/blog/GetBlogsByUserid | POST | ::1
2021-09-02 18:40:20.7942|INFO|Microsoft.Hosting.Lifetime|Application started. Press Ctrl+C to shut down.
2021-09-02 18:40:20.8120|INFO|Microsoft.Hosting.Lifetime|Hosting environment: Development
2021-09-02 18:40:20.8120|INFO|Microsoft.Hosting.Lifetime|Content root path: G:\VS2019 Projects\BlazorWebAssemblyDemo\BlazorProject\Server
2021-09-02 18:40:31.4731|INFO|BlazorProject.Server.Middlewares.CustomAuthMiddleware|/api/blog/GetBlogsByUserid | POST | ::1
2021-09-02 18:42:47.4802|INFO|Microsoft.Hosting.Lifetime|Application started. Press Ctrl+C to shut down.
2021-09-02 18:42:47.4980|INFO|Microsoft.Hosting.Lifetime|Hosting environment: Development
2021-09-02 18:42:47.4980|INFO|Microsoft.Hosting.Lifetime|Content root path: G:\VS2019 Projects\BlazorWebAssemblyDemo\BlazorProject\Server
2021-09-02 18:43:26.4319|INFO|Microsoft.Hosting.Lifetime|Application started. Press Ctrl+C to shut down.
2021-09-02 18:43:26.4503|INFO|Microsoft.Hosting.Lifetime|Hosting environment: Development
2021-09-02 18:43:26.4503|INFO|Microsoft.Hosting.Lifetime|Content root path: G:\VS2019 Projects\BlazorWebAssemblyDemo\BlazorProject\Server
2021-09-02 18:43:36.4868|INFO|BlazorProject.Server.Middlewares.CustomAuthMiddleware|/api/blog/GetBlogsByUserid | POST | ::1
2021-09-02 18:43:36.5750|ERROR|BlazorProject.Server.Middlewares.ErrorHandlingMiddleware|The best overloaded method match for 'int.TryParse(string, out int)' has some invalid arguments |    at CallSite.Target(Closure , CallSite , Type , Object , Int32& )
   at CallSite.Target(Closure , CallSite , Type , Object , Int32& )
   at BlazorProject.Server.Controllers.BlogController.GetBlogsByUserid(Object userid) in G:\VS2019 Projects\BlazorWebAssemblyDemo\BlazorProject\Server\Controllers\BlogController.cs:line 83

2021-09-02 18:45:25.0052|INFO|Microsoft.Hosting.Lifetime|Application started. Press Ctrl+C to shut down.
2021-09-02 18:45:25.0232|INFO|Microsoft.Hosting.Lifetime|Hosting environment: Development
2021-09-02 18:45:25.0232|INFO|Microsoft.Hosting.Lifetime|Content root path: G:\VS2019 Projects\BlazorWebAssemblyDemo\BlazorProject\Server
2021-09-02 18:45:37.3985|INFO|BlazorProject.Server.Middlewares.CustomAuthMiddleware|/api/blog/GetBlogsByUserid | POST | ::1
2021-09-02 18:45:37.4526|ERROR|BlazorProject.Server.Middlewares.ErrorHandlingMiddleware|The best overloaded method match for 'int.TryParse(string, out int)' has some invalid arguments |    at CallSite.Target(Closure , CallSite , Type , Object , Int32& )
   at CallSite.Target(Closure , CallSite , Type , Object , Int32& )
   at BlazorProject.Server.Controllers.BlogController.GetBlogsByUserid(Object userid) in G:\VS2019 Projects\BlazorWebAssemblyDemo\BlazorProject\Server\Controllers\BlogController.cs:line 83

2021-09-02 18:46:11.2877|INFO|Microsoft.Hosting.Lifetime|Application started. Press Ctrl+C to shut down.
2021-09-02 18:46:11.3054|INFO|Microsoft.Hosting.Lifetime|Hosting environment: Development
2021-09-02 18:46:11.3054|INFO|Microsoft.Hosting.Lifetime|Content root path: G:\VS2019 Projects\BlazorWebAssemblyDemo\BlazorProject\Server
2021-09-02 18:46:33.4378|INFO|Microsoft.Hosting.Lifetime|Application started. Press Ctrl+C to shut down.
2021-09-02 18:46:33.4561|INFO|Microsoft.Hosting.Lifetime|Hosting environment: Development
2021-09-02 18:46:33.4561|INFO|Microsoft.Hosting.Lifetime|Content root path: G:\VS2019 Projects\BlazorWebAssemblyDemo\BlazorProject\Server
2021-09-02 18:46:53.4182|INFO|BlazorProject.Server.Middlewares.CustomAuthMiddleware|/api/blog/GetBlogsByUserid | POST | ::1
2021-09-02 18:46:53.4718|ERROR|BlazorProject.Server.Middlewares.ErrorHandlingMiddleware|The best overloaded method match for 'int.TryParse(string, out int)' has some invalid arguments |    at CallSite.Target(Closure , CallSite , Type , Object , Int32& )
   at CallSite.Target(Closure , CallSite , Type , Object , Int32& )
   at BlazorProject.Server.Controllers.BlogController.GetBlogsByUserid(Object user) in G:\VS2019 Projects\BlazorWebAssemblyDemo\BlazorProject\Server\Controllers\BlogController.cs:line 83

2021-09-02 18:47:41.1243|INFO|Microsoft.Hosting.Lifetime|Application started. Press Ctrl+C to shut down.
2021-09-02 18:47:41.1450|INFO|Microsoft.Hosting.Lifetime|Hosting environment: Development
2021-09-02 18:47:41.1450|INFO|Microsoft.Hosting.Lifetime|Content root path: G:\VS2019 Projects\BlazorWebAssemblyDemo\BlazorProject\Server
2021-09-02 18:47:58.6742|INFO|BlazorProject.Server.Middlewares.CustomAuthMiddleware|/api/blog/GetBlogsByUserid | POST | ::1
2021-09-02 18:47:58.7273|ERROR|BlazorProject.Server.Middlewares.ErrorHandlingMiddleware|The best overloaded method match for 'int.TryParse(string, out int)' has some invalid arguments |    at CallSite.Target(Closure , CallSite , Type , Object , Int32& )
   at CallSite.Target(Closure , CallSite , Type , Object , Int32& )
   at BlazorProject.Server.Controllers.BlogController.GetBlogsByUserid(Object user) in G:\VS2019 Projects\BlazorWebAssemblyDemo\BlazorProject\Server\Controllers\BlogController.cs:line 83

2021-09-02 18:48:49.7440|INFO|Microsoft.Hosting.Lifetime|Application started. Press Ctrl+C to shut down.
2021-09-02 18:48:49.7623|INFO|Microsoft.Hosting.Lifetime|Hosting environment: Development
2021-09-02 18:48:49.7623|INFO|Microsoft.Hosting.Lifetime|Content root path: G:\VS2019 Projects\BlazorWebAssemblyDemo\BlazorProject\Server
2021-09-02 18:49:00.5539|INFO|BlazorProject.Server.Middlewares.CustomAuthMiddleware|/api/blog/GetBlogsByUserid | POST | ::1
2021-09-02 18:49:14.4905|INFO|BlazorProject.Server.Middlewares.CustomAuthMiddleware|/api/blog/GetBlogsByUserid | POST | ::1
2021-09-02 19:57:49.1748|INFO|Microsoft.Hosting.Lifetime|Application started. Press Ctrl+C to shut down.
2021-09-02 19:57:49.2049|INFO|Microsoft.Hosting.Lifetime|Hosting environment: Development
2021-09-02 19:57:49.2064|INFO|Microsoft.Hosting.Lifetime|Content root path: G:\VS2019 Projects\BlazorWebAssemblyDemo\BlazorProject\Server
2021-09-02 19:58:06.6046|INFO|BlazorProject.Server.Middlewares.CustomAuthMiddleware|/api/blog/GetBlogsByUserid | POST | ::1
2021-09-02 19:58:47.0688|ERROR|BlazorProject.Server.Middlewares.ErrorHandlingMiddleware|The best overloaded method match for 'int.TryParse(string, out int)' has some invalid arguments |    at CallSite.Target(Closure , CallSite , Type , Object , Int32& )
   at CallSite.Target(Closure , CallSite , Type , Object , Int32& )
   at BlazorProject.Server.Controllers.BlogController.GetBlogsByUserid(Object user) in G:\VS2019 Projects\BlazorWebAssemblyDemo\BlazorProject\Server\Controllers\BlogController.cs:line 83

2021-09-02 20:04:14.9047|INFO|Microsoft.Hosting.Lifetime|Application started. Press Ctrl+C to shut down.
2021-09-02 20:04:14.9283|INFO|Microsoft.Hosting.Lifetime|Hosting environment: Development
2021-09-02 20:04:14.9283|INFO|Microsoft.Hosting.Lifetime|Content root path: G:\VS2019 Projects\BlazorWebAssemblyDemo\BlazorProject\Server
2021-09-02 20:04:34.9154|INFO|BlazorProject.Server.Middlewares.CustomAuthMiddleware|/api/blog/GetBlogsByUserid | POST | ::1
2021-09-02 20:05:20.3997|INFO|Microsoft.Hosting.Lifetime|Application started. Press Ctrl+C to shut down.
2021-09-02 20:05:20.4222|INFO|Microsoft.Hosting.Lifetime|Hosting environment: Development
2021-09-02 20:05:20.4237|INFO|Microsoft.Hosting.Lifetime|Content root path: G:\VS2019 Projects\BlazorWebAssemblyDemo\BlazorProject\Server
2021-09-02 20:05:40.5416|INFO|BlazorProject.Server.Middlewares.CustomAuthMiddleware|/api/blog/GetBlogsByUserid | POST | ::1
2021-09-02 20:06:44.0165|INFO|Microsoft.Hosting.Lifetime|Application started. Press Ctrl+C to shut down.
2021-09-02 20:06:44.0398|INFO|Microsoft.Hosting.Lifetime|Hosting environment: Development
2021-09-02 20:06:44.0398|INFO|Microsoft.Hosting.Lifetime|Content root path: G:\VS2019 Projects\BlazorWebAssemblyDemo\BlazorProject\Server
2021-09-02 20:06:58.1713|INFO|BlazorProject.Server.Middlewares.CustomAuthMiddleware|/api/blog/GetBlogsByUserid | POST | ::1
2021-09-02 20:11:11.6875|INFO|Microsoft.Hosting.Lifetime|Application started. Press Ctrl+C to shut down.
2021-09-02 20:11:11.7094|INFO|Microsoft.Hosting.Lifetime|Hosting environment: Development
2021-09-02 20:11:11.7094|INFO|Microsoft.Hosting.Lifetime|Content root path: G:\VS2019 Projects\BlazorWebAssemblyDemo\BlazorProject\Server
2021-09-02 20:11:23.8360|INFO|BlazorProject.Server.Middlewares.CustomAuthMiddleware|/api/blog/GetBlogsByUserid | POST | ::1
2021-09-02 20:24:04.2657|INFO|Microsoft.Hosting.Lifetime|Application started. Press Ctrl+C to shut down.
2021-09-02 20:24:04.2879|INFO|Microsoft.Hosting.Lifetime|Hosting environment: Development
2021-09-02 20:24:04.2879|INFO|Microsoft.Hosting.Lifetime|Content root path: G:\VS2019 Projects\BlazorWebAssemblyDemo\BlazorProject\Server
2021-09-02 20:24:15.2996|INFO|BlazorProject.Server.Middlewares.CustomAuthMiddleware|/api/blog/GetBlogsByUserid | POST | ::1
2021-09-02 20:25:17.2650|INFO|Microsoft.Hosting.Lifetime|Application started. Press Ctrl+C to shut down.
2021-09-02 20:25:17.2878|INFO|Microsoft.Hosting.Lifetime|Hosting environment: Development
2021-09-02 20:25:17.2878|INFO|Microsoft.Hosting.Lifetime|Content root path: G:\VS2019 Projects\BlazorWebAssemblyDemo\BlazorProject\Server
2021-09-02 20:25:32.8431|INFO|BlazorProject.Server.Middlewares.CustomAuthMiddleware|/api/blog/GetBlogsByUserid | POST | ::1
2021-09-02 22:35:38.6701|INFO|Microsoft.Hosting.Lifetime|Application started. Press Ctrl+C to shut down.
2021-09-02 22:35:38.6932|INFO|Microsoft.Hosting.Lifetime|Hosting environment: Development
2021-09-02 22:35:38.6932|INFO|Microsoft.Hosting.Lifetime|Content root path: G:\VS2019 Projects\BlazorWebAssemblyDemo\BlazorProject\Server
2021-09-02 22:36:07.0416|INFO|BlazorProject.Server.Middlewares.CustomAuthMiddleware|/api/blog/GetBlogsByUserid | POST | ::1
2021-09-02 22:38:32.5265|INFO|Microsoft.Hosting.Lifetime|Application started. Press Ctrl+C to shut down.
2021-09-02 22:38:32.5494|INFO|Microsoft.Hosting.Lifetime|Hosting environment: Development
2021-09-02 22:38:32.5494|INFO|Microsoft.Hosting.Lifetime|Content root path: G:\VS2019 Projects\BlazorWebAssemblyDemo\BlazorProject\Server
2021-09-02 22:38:53.1385|INFO|BlazorProject.Server.Middlewares.CustomAuthMiddleware|/api/blog/GetBlogsByUserid | POST | ::1
2021-09-02 22:39:51.5142|INFO|Microsoft.Hosting.Lifetime|Application started. Press Ctrl+C to shut down.
2021-09-02 22:39:51.5318|INFO|Microsoft.Hosting.Lifetime|Hosting environment: Development
2021-09-02 22:39:51.5333|INFO|Microsoft.Hosting.Lifetime|Content root path: G:\VS2019 Projects\BlazorWebAssemblyDemo\BlazorProject\Server
2021-09-02 22:40:04.9805|INFO|BlazorProject.Server.Middlewares.CustomAuthMiddleware|/api/blog/GetBlogsByUserid | POST | ::1
2021-09-02 22:40:37.1801|INFO|Microsoft.Hosting.Lifetime|Application started. Press Ctrl+C to shut down.
2021-09-02 22:40:37.1982|INFO|Microsoft.Hosting.Lifetime|Hosting environment: Development
2021-09-02 22:40:37.1982|INFO|Microsoft.Hosting.Lifetime|Content root path: G:\VS2019 Projects\BlazorWebAssemblyDemo\BlazorProject\Server
2021-09-02 22:40:47.9121|INFO|BlazorProject.Server.Middlewares.CustomAuthMiddleware|/api/blog/GetBlogsByUserid | POST | ::1
2021-09-02 22:41:10.4398|INFO|Microsoft.Hosting.Lifetime|Application started. Press Ctrl+C to shut down.
2021-09-02 22:41:10.4590|INFO|Microsoft.Hosting.Lifetime|Hosting environment: Development
2021-09-02 22:41:10.4590|INFO|Microsoft.Hosting.Lifetime|Content root path: G:\VS2019 Projects\BlazorWebAssemblyDemo\BlazorProject\Server
2021-09-02 22:41:20.8978|INFO|BlazorProject.Server.Middlewares.CustomAuthMiddleware|/api/blog/GetBlogsByUserid | POST | ::1
2021-09-02 22:42:03.8692|INFO|Microsoft.Hosting.Lifetime|Application started. Press Ctrl+C to shut down.
2021-09-02 22:42:03.8882|INFO|Microsoft.Hosting.Lifetime|Hosting environment: Development
2021-09-02 22:42:03.8882|INFO|Microsoft.Hosting.Lifetime|Content root path: G:\VS2019 Projects\BlazorWebAssemblyDemo\BlazorProject\Server
2021-09-02 22:42:14.1346|INFO|BlazorProject.Server.Middlewares.CustomAuthMiddleware|/api/blog/GetBlogsByUserid | POST | ::1
2021-09-02 22:43:05.0519|INFO|Microsoft.Hosting.Lifetime|Application started. Press Ctrl+C to shut down.
2021-09-02 22:43:05.0775|INFO|Microsoft.Hosting.Lifetime|Hosting environment: Development
2021-09-02 22:43:05.0775|INFO|Microsoft.Hosting.Lifetime|Content root path: G:\VS2019 Projects\BlazorWebAssemblyDemo\BlazorProject\Server
2021-09-02 22:43:16.6968|INFO|BlazorProject.Server.Middlewares.CustomAuthMiddleware|/api/blog/GetBlogsByUserid | POST | ::1
2021-09-02 23:02:26.6623|INFO|BlazorProject.Server.Middlewares.CustomAuthMiddleware|/api/blog/GetBlogsByUserid | POST | ::1
2021-09-02 23:02:29.8208|INFO|BlazorProject.Server.Middlewares.CustomAuthMiddleware|/api/blog/GetBlogsByUserid | POST | ::1
2021-09-02 23:02:38.5493|INFO|BlazorProject.Server.Middlewares.CustomAuthMiddleware|/api/blog/GetBlogsByUserid | POST | ::1
2021-09-02 23:02:52.6172|INFO|BlazorProject.Server.Middlewares.CustomAuthMiddleware|/api/blog/GetBlogsByUserid | POST | ::1
2021-09-02 23:07:58.6299|INFO|Microsoft.Hosting.Lifetime|Application started. Press Ctrl+C to shut down.
2021-09-02 23:07:58.6504|INFO|Microsoft.Hosting.Lifetime|Hosting environment: Development
2021-09-02 23:07:58.6504|INFO|Microsoft.Hosting.Lifetime|Content root path: G:\VS2019 Projects\BlazorWebAssemblyDemo\BlazorProject\Server
2021-09-02 23:08:09.8608|INFO|BlazorProject.Server.Middlewares.CustomAuthMiddleware|/api/blog/GetBlogsByUserid | POST | ::1
2021-09-02 23:08:59.6408|INFO|BlazorProject.Server.Middlewares.CustomAuthMiddleware|/api/blog/GetBlogsByUserid | POST | ::1
2021-09-02 23:09:36.5359|INFO|BlazorProject.Server.Middlewares.CustomAuthMiddleware|/api/blog/GetBlogsByUserid | POST | ::1
2021-09-02 23:10:34.6940|INFO|Microsoft.Hosting.Lifetime|Application started. Press Ctrl+C to shut down.
2021-09-02 23:10:34.7118|INFO|Microsoft.Hosting.Lifetime|Hosting environment: Development
2021-09-02 23:10:34.7118|INFO|Microsoft.Hosting.Lifetime|Content root path: G:\VS2019 Projects\BlazorWebAssemblyDemo\BlazorProject\Server
2021-09-02 23:10:44.9607|INFO|BlazorProject.Server.Middlewares.CustomAuthMiddleware|/api/blog/GetBlogsByUserid | POST | ::1
2021-09-02 23:11:34.9294|INFO|Microsoft.Hosting.Lifetime|Application started. Press Ctrl+C to shut down.
2021-09-02 23:11:34.9499|INFO|Microsoft.Hosting.Lifetime|Hosting environment: Development
2021-09-02 23:11:34.9499|INFO|Microsoft.Hosting.Lifetime|Content root path: G:\VS2019 Projects\BlazorWebAssemblyDemo\BlazorProject\Server
2021-09-02 23:11:44.3797|INFO|BlazorProject.Server.Middlewares.CustomAuthMiddleware|/api/blog/GetBlogsByUserid | POST | ::1
2021-09-02 23:12:45.1646|INFO|Microsoft.Hosting.Lifetime|Application started. Press Ctrl+C to shut down.
2021-09-02 23:12:45.1824|INFO|Microsoft.Hosting.Lifetime|Hosting environment: Development
2021-09-02 23:12:45.1824|INFO|Microsoft.Hosting.Lifetime|Content root path: G:\VS2019 Projects\BlazorWebAssemblyDemo\BlazorProject\Server
2021-09-02 23:12:54.3190|INFO|BlazorProject.Server.Middlewares.CustomAuthMiddleware|/api/blog/GetBlogsByUserid | POST | ::1
2021-09-02 23:13:27.4032|INFO|Microsoft.Hosting.Lifetime|Application started. Press Ctrl+C to shut down.
2021-09-02 23:13:27.4231|INFO|Microsoft.Hosting.Lifetime|Hosting environment: Development
2021-09-02 23:13:27.4248|INFO|Microsoft.Hosting.Lifetime|Content root path: G:\VS2019 Projects\BlazorWebAssemblyDemo\BlazorProject\Server
2021-09-02 23:13:37.6215|INFO|BlazorProject.Server.Middlewares.CustomAuthMiddleware|/api/blog/GetBlogsByUserid | POST | ::1
2021-09-02 23:14:02.1489|INFO|Microsoft.Hosting.Lifetime|Application started. Press Ctrl+C to shut down.
2021-09-02 23:14:02.1671|INFO|Microsoft.Hosting.Lifetime|Hosting environment: Development
2021-09-02 23:14:02.1671|INFO|Microsoft.Hosting.Lifetime|Content root path: G:\VS2019 Projects\BlazorWebAssemblyDemo\BlazorProject\Server
2021-09-02 23:14:11.1703|INFO|BlazorProject.Server.Middlewares.CustomAuthMiddleware|/api/blog/GetBlogsByUserid | POST | ::1
2021-09-02 23:14:26.3619|INFO|BlazorProject.Server.Middlewares.CustomAuthMiddleware|/api/blog/GetBlogsByUserid | POST | ::1
2021-09-02 23:16:20.7383|INFO|BlazorProject.Server.Middlewares.CustomAuthMiddleware|/api/blog/GetBlogsByUserid | POST | ::1
2021-09-02 23:20:39.4693|INFO|BlazorProject.Server.Middlewares.CustomAuthMiddleware|/api/blog/GetBlogsByUserid | POST | ::1
2021-09-02 23:21:26.5038|INFO|Microsoft.Hosting.Lifetime|Application started. Press Ctrl+C to shut down.
2021-09-02 23:21:26.5215|INFO|Microsoft.Hosting.Lifetime|Hosting environment: Development
2021-09-02 23:21:26.5215|INFO|Microsoft.Hosting.Lifetime|Content root path: G:\VS2019 Projects\BlazorWebAssemblyDemo\BlazorProject\Server
2021-09-02 23:21:56.5755|INFO|Microsoft.Hosting.Lifetime|Application started. Press Ctrl+C to shut down.
2021-09-02 23:21:56.5942|INFO|Microsoft.Hosting.Lifetime|Hosting environment: Development
2021-09-02 23:21:56.5955|INFO|Microsoft.Hosting.Lifetime|Content root path: G:\VS2019 Projects\BlazorWebAssemblyDemo\BlazorProject\Server
2021-09-02 23:22:14.3419|INFO|BlazorProject.Server.Middlewares.CustomAuthMiddleware|/api/blog/GetBlogsByUserid | POST | ::1
2021-09-02 23:26:07.9625|INFO|BlazorProject.Server.Middlewares.CustomAuthMiddleware|/api/blog/GetBlogsByUserid | POST | ::1
2021-09-02 23:26:24.4467|INFO|BlazorProject.Server.Middlewares.CustomAuthMiddleware|/api/blog/GetBlogsByUserid | POST | ::1
2021-09-02 23:27:18.2663|INFO|BlazorProject.Server.Middlewares.CustomAuthMiddleware|/api/blog/GetBlogsByUserid | POST | ::1
2021-09-02 23:28:17.6772|INFO|Microsoft.Hosting.Lifetime|Application started. Press Ctrl+C to shut down.
2021-09-02 23:28:17.6979|INFO|Microsoft.Hosting.Lifetime|Hosting environment: Development
2021-09-02 23:28:17.6979|INFO|Microsoft.Hosting.Lifetime|Content root path: G:\VS2019 Projects\BlazorWebAssemblyDemo\BlazorProject\Server
2021-09-02 23:28:27.1804|INFO|BlazorProject.Server.Middlewares.CustomAuthMiddleware|/api/blog/GetBlogsByUserid | POST | ::1
2021-09-02 23:28:46.6059|INFO|Microsoft.Hosting.Lifetime|Application started. Press Ctrl+C to shut down.
2021-09-02 23:28:46.6251|INFO|Microsoft.Hosting.Lifetime|Hosting environment: Development
2021-09-02 23:28:46.6251|INFO|Microsoft.Hosting.Lifetime|Content root path: G:\VS2019 Projects\BlazorWebAssemblyDemo\BlazorProject\Server
2021-09-02 23:29:03.9087|INFO|BlazorProject.Server.Middlewares.CustomAuthMiddleware|/api/blog/GetBlogsByUserid | POST | ::1
2021-09-02 23:29:52.7804|INFO|BlazorProject.Server.Middlewares.CustomAuthMiddleware|/api/blog/GetBlogsByUserid | POST | ::1
2021-09-02 23:29:56.8287|INFO|BlazorProject.Server.Middlewares.CustomAuthMiddleware|/api/blog/GetBlogsByUserid | POST | ::1
2021-09-02 23:29:58.2195|INFO|BlazorProject.Server.Middlewares.CustomAuthMiddleware|/api/blog/GetBlogsByUserid | POST | ::1
2021-09-02 23:31:05.1033|INFO|BlazorProject.Server.Middlewares.CustomAuthMiddleware|/api/blog/GetBlogsByUserid | POST | ::1
2021-09-02 23:33:26.4049|INFO|Microsoft.Hosting.Lifetime|Application started. Press Ctrl+C to shut down.
2021-09-02 23:33:26.4232|INFO|Microsoft.Hosting.Lifetime|Hosting environment: Development
2021-09-02 23:33:26.4246|INFO|Microsoft.Hosting.Lifetime|Content root path: G:\VS2019 Projects\BlazorWebAssemblyDemo\BlazorProject\Server
2021-09-02 23:34:02.3659|INFO|BlazorProject.Server.Middlewares.CustomAuthMiddleware|/api/blog/GetBlogsByUserid | POST | ::1
2021-09-02 23:34:43.8455|INFO|BlazorProject.Server.Middlewares.CustomAuthMiddleware|/api/blog/GetBlogsByUserid | POST | ::1
2021-09-02 23:35:13.7884|INFO|BlazorProject.Server.Middlewares.CustomAuthMiddleware|/api/blog/GetBlogsByUserid | POST | ::1
2021-09-02 23:35:23.3242|INFO|BlazorProject.Server.Middlewares.CustomAuthMiddleware|/api/blog/GetBlogsByUserid | POST | ::1
2021-09-02 23:35:57.0859|INFO|BlazorProject.Server.Middlewares.CustomAuthMiddleware|/api/blog/GetBlogsByUserid | POST | ::1
2021-09-02 23:35:58.6998|INFO|BlazorProject.Server.Middlewares.CustomAuthMiddleware|/api/blog/GetBlogsByUserid | POST | ::1
2021-09-02 23:40:48.2324|INFO|Microsoft.Hosting.Lifetime|Application started. Press Ctrl+C to shut down.
2021-09-02 23:40:48.2508|INFO|Microsoft.Hosting.Lifetime|Hosting environment: Development
2021-09-02 23:40:48.2525|INFO|Microsoft.Hosting.Lifetime|Content root path: G:\VS2019 Projects\BlazorWebAssemblyDemo\BlazorProject\Server
2021-09-02 23:41:55.8377|INFO|Microsoft.Hosting.Lifetime|Application started. Press Ctrl+C to shut down.
2021-09-02 23:41:55.8557|INFO|Microsoft.Hosting.Lifetime|Hosting environment: Development
2021-09-02 23:41:55.8557|INFO|Microsoft.Hosting.Lifetime|Content root path: G:\VS2019 Projects\BlazorWebAssemblyDemo\BlazorProject\Server
2021-09-02 23:46:25.9227|INFO|Microsoft.Hosting.Lifetime|Application started. Press Ctrl+C to shut down.
2021-09-02 23:46:25.9408|INFO|Microsoft.Hosting.Lifetime|Hosting environment: Development
2021-09-02 23:46:25.9408|INFO|Microsoft.Hosting.Lifetime|Content root path: G:\VS2019 Projects\BlazorWebAssemblyDemo\BlazorProject\Server
2021-09-02 23:46:34.1879|INFO|Microsoft.Hosting.Lifetime|Application started. Press Ctrl+C to shut down.
2021-09-02 23:46:34.2058|INFO|Microsoft.Hosting.Lifetime|Hosting environment: Development
2021-09-02 23:46:34.2058|INFO|Microsoft.Hosting.Lifetime|Content root path: G:\VS2019 Projects\BlazorWebAssemblyDemo\BlazorProject\Server
2021-09-02 23:46:47.2791|INFO|Microsoft.Hosting.Lifetime|Application started. Press Ctrl+C to shut down.
2021-09-02 23:46:47.3034|INFO|Microsoft.Hosting.Lifetime|Hosting environment: Development
2021-09-02 23:46:47.3034|INFO|Microsoft.Hosting.Lifetime|Content root path: G:\VS2019 Projects\BlazorWebAssemblyDemo\BlazorProject\Server
2021-09-02 23:47:48.6539|INFO|Microsoft.Hosting.Lifetime|Application started. Press Ctrl+C to shut down.
2021-09-02 23:47:48.6731|INFO|Microsoft.Hosting.Lifetime|Hosting environment: Development
2021-09-02 23:47:48.6749|INFO|Microsoft.Hosting.Lifetime|Content root path: G:\VS2019 Projects\BlazorWebAssemblyDemo\BlazorProject\Server
2021-09-02 23:48:07.2060|INFO|Microsoft.Hosting.Lifetime|Application started. Press Ctrl+C to shut down.
2021-09-02 23:48:07.2265|INFO|Microsoft.Hosting.Lifetime|Hosting environment: Development
2021-09-02 23:48:07.2265|INFO|Microsoft.Hosting.Lifetime|Content root path: G:\VS2019 Projects\BlazorWebAssemblyDemo\BlazorProject\Server
2021-09-02 23:48:31.0931|INFO|Microsoft.Hosting.Lifetime|Application started. Press Ctrl+C to shut down.
2021-09-02 23:48:31.1111|INFO|Microsoft.Hosting.Lifetime|Hosting environment: Development
2021-09-02 23:48:31.1126|INFO|Microsoft.Hosting.Lifetime|Content root path: G:\VS2019 Projects\BlazorWebAssemblyDemo\BlazorProject\Server
2021-09-02 23:49:15.2611|INFO|Microsoft.Hosting.Lifetime|Application started. Press Ctrl+C to shut down.
2021-09-02 23:49:15.2792|INFO|Microsoft.Hosting.Lifetime|Hosting environment: Development
2021-09-02 23:49:15.2792|INFO|Microsoft.Hosting.Lifetime|Content root path: G:\VS2019 Projects\BlazorWebAssemblyDemo\BlazorProject\Server
2021-09-02 23:49:37.3277|INFO|Microsoft.Hosting.Lifetime|Application started. Press Ctrl+C to shut down.
2021-09-02 23:49:37.3461|INFO|Microsoft.Hosting.Lifetime|Hosting environment: Development
2021-09-02 23:49:37.3461|INFO|Microsoft.Hosting.Lifetime|Content root path: G:\VS2019 Projects\BlazorWebAssemblyDemo\BlazorProject\Server
2021-09-02 23:50:44.1373|INFO|Microsoft.Hosting.Lifetime|Application started. Press Ctrl+C to shut down.
2021-09-02 23:50:44.1559|INFO|Microsoft.Hosting.Lifetime|Hosting environment: Development
2021-09-02 23:50:44.1559|INFO|Microsoft.Hosting.Lifetime|Content root path: G:\VS2019 Projects\BlazorWebAssemblyDemo\BlazorProject\Server
2021-09-02 23:51:20.4229|INFO|Microsoft.Hosting.Lifetime|Application started. Press Ctrl+C to shut down.
2021-09-02 23:51:20.4411|INFO|Microsoft.Hosting.Lifetime|Hosting environment: Development
2021-09-02 23:51:20.4411|INFO|Microsoft.Hosting.Lifetime|Content root path: G:\VS2019 Projects\BlazorWebAssemblyDemo\BlazorProject\Server
2021-09-02 23:51:36.1904|INFO|Microsoft.Hosting.Lifetime|Application started. Press Ctrl+C to shut down.
2021-09-02 23:51:36.2111|INFO|Microsoft.Hosting.Lifetime|Hosting environment: Development
2021-09-02 23:51:36.2111|INFO|Microsoft.Hosting.Lifetime|Content root path: G:\VS2019 Projects\BlazorWebAssemblyDemo\BlazorProject\Server
2021-09-02 23:52:13.9274|INFO|Microsoft.Hosting.Lifetime|Application started. Press Ctrl+C to shut down.
2021-09-02 23:52:13.9456|INFO|Microsoft.Hosting.Lifetime|Hosting environment: Development
2021-09-02 23:52:13.9456|INFO|Microsoft.Hosting.Lifetime|Content root path: G:\VS2019 Projects\BlazorWebAssemblyDemo\BlazorProject\Server
2021-09-02 23:52:39.6958|INFO|Microsoft.Hosting.Lifetime|Application started. Press Ctrl+C to shut down.
2021-09-02 23:52:39.7154|INFO|Microsoft.Hosting.Lifetime|Hosting environment: Development
2021-09-02 23:52:39.7154|INFO|Microsoft.Hosting.Lifetime|Content root path: G:\VS2019 Projects\BlazorWebAssemblyDemo\BlazorProject\Server
2021-09-02 23:52:51.5659|INFO|Microsoft.Hosting.Lifetime|Application started. Press Ctrl+C to shut down.
2021-09-02 23:52:51.5837|INFO|Microsoft.Hosting.Lifetime|Hosting environment: Development
2021-09-02 23:52:51.5837|INFO|Microsoft.Hosting.Lifetime|Content root path: G:\VS2019 Projects\BlazorWebAssemblyDemo\BlazorProject\Server
2021-09-02 23:56:06.4818|INFO|Microsoft.Hosting.Lifetime|Application started. Press Ctrl+C to shut down.
2021-09-02 23:56:06.5068|INFO|Microsoft.Hosting.Lifetime|Hosting environment: Development
2021-09-02 23:56:06.5068|INFO|Microsoft.Hosting.Lifetime|Content root path: G:\VS2019 Projects\BlazorWebAssemblyDemo\BlazorProject\Server
2021-09-02 23:56:39.4004|INFO|Microsoft.Hosting.Lifetime|Application started. Press Ctrl+C to shut down.
2021-09-02 23:56:39.4194|INFO|Microsoft.Hosting.Lifetime|Hosting environment: Development
2021-09-02 23:56:39.4194|INFO|Microsoft.Hosting.Lifetime|Content root path: G:\VS2019 Projects\BlazorWebAssemblyDemo\BlazorProject\Server
