2021-09-04 11:41:59.8487|INFO|Microsoft.Hosting.Lifetime|Application started. Press Ctrl+C to shut down.
2021-09-04 11:41:59.8686|INFO|Microsoft.Hosting.Lifetime|Hosting environment: Development
2021-09-04 11:41:59.8686|INFO|Microsoft.Hosting.Lifetime|Content root path: G:\VS2019 Projects\BlazorWebAssemblyDemo\BlazorProject\Server
2021-09-04 11:42:17.8533|INFO|BlazorProject.Server.Middlewares.CustomAuthMiddleware|/api/blog/GetBlogsByUserid | POST | ::1
2021-09-04 11:43:04.7251|INFO|BlazorProject.Server.Middlewares.CustomAuthMiddleware|/api/blog/createblog | POST | ::1
2021-09-04 11:43:04.8504|INFO|BlazorProject.Server.Middlewares.CustomAuthMiddleware|/api/blog/GetBlogsByUserid | POST | ::1
2021-09-04 11:45:07.0669|INFO|Microsoft.Hosting.Lifetime|Application started. Press Ctrl+C to shut down.
2021-09-04 11:45:07.0853|INFO|Microsoft.Hosting.Lifetime|Hosting environment: Development
2021-09-04 11:45:07.0853|INFO|Microsoft.Hosting.Lifetime|Content root path: G:\VS2019 Projects\BlazorWebAssemblyDemo\BlazorProject\Server
2021-09-04 11:47:01.0104|INFO|Microsoft.Hosting.Lifetime|Application started. Press Ctrl+C to shut down.
2021-09-04 11:47:01.0349|INFO|Microsoft.Hosting.Lifetime|Hosting environment: Development
2021-09-04 11:47:01.0367|INFO|Microsoft.Hosting.Lifetime|Content root path: G:\VS2019 Projects\BlazorWebAssemblyDemo\BlazorProject\Server
2021-09-04 11:47:13.0866|INFO|Microsoft.Hosting.Lifetime|Application started. Press Ctrl+C to shut down.
2021-09-04 11:47:13.1057|INFO|Microsoft.Hosting.Lifetime|Hosting environment: Development
2021-09-04 11:47:13.1057|INFO|Microsoft.Hosting.Lifetime|Content root path: G:\VS2019 Projects\BlazorWebAssemblyDemo\BlazorProject\Server
2021-09-04 11:47:38.6720|INFO|Microsoft.Hosting.Lifetime|Application started. Press Ctrl+C to shut down.
2021-09-04 11:47:38.6897|INFO|Microsoft.Hosting.Lifetime|Hosting environment: Development
2021-09-04 11:47:38.6897|INFO|Microsoft.Hosting.Lifetime|Content root path: G:\VS2019 Projects\BlazorWebAssemblyDemo\BlazorProject\Server
2021-09-04 11:48:45.6044|INFO|Microsoft.Hosting.Lifetime|Application started. Press Ctrl+C to shut down.
2021-09-04 11:48:45.6233|INFO|Microsoft.Hosting.Lifetime|Hosting environment: Development
2021-09-04 11:48:45.6233|INFO|Microsoft.Hosting.Lifetime|Content root path: G:\VS2019 Projects\BlazorWebAssemblyDemo\BlazorProject\Server
2021-09-04 11:48:55.1817|INFO|Microsoft.Hosting.Lifetime|Application started. Press Ctrl+C to shut down.
2021-09-04 11:48:55.2023|INFO|Microsoft.Hosting.Lifetime|Hosting environment: Development
2021-09-04 11:48:55.2023|INFO|Microsoft.Hosting.Lifetime|Content root path: G:\VS2019 Projects\BlazorWebAssemblyDemo\BlazorProject\Server
2021-09-04 11:49:12.6761|INFO|Microsoft.Hosting.Lifetime|Application started. Press Ctrl+C to shut down.
2021-09-04 11:49:12.6967|INFO|Microsoft.Hosting.Lifetime|Hosting environment: Development
2021-09-04 11:49:12.6967|INFO|Microsoft.Hosting.Lifetime|Content root path: G:\VS2019 Projects\BlazorWebAssemblyDemo\BlazorProject\Server
2021-09-04 11:49:14.2513|INFO|Microsoft.Hosting.Lifetime|Application started. Press Ctrl+C to shut down.
2021-09-04 11:49:14.2692|INFO|Microsoft.Hosting.Lifetime|Hosting environment: Development
2021-09-04 11:49:14.2692|INFO|Microsoft.Hosting.Lifetime|Content root path: G:\VS2019 Projects\BlazorWebAssemblyDemo\BlazorProject\Server
2021-09-04 12:11:11.1796|INFO|Microsoft.Hosting.Lifetime|Application started. Press Ctrl+C to shut down.
2021-09-04 12:11:11.1980|INFO|Microsoft.Hosting.Lifetime|Hosting environment: Development
2021-09-04 12:11:11.1980|INFO|Microsoft.Hosting.Lifetime|Content root path: G:\VS2019 Projects\BlazorWebAssemblyDemo\BlazorProject\Server
2021-09-04 12:11:29.7149|INFO|Microsoft.Hosting.Lifetime|Application started. Press Ctrl+C to shut down.
2021-09-04 12:11:29.7436|INFO|Microsoft.Hosting.Lifetime|Hosting environment: Development
2021-09-04 12:11:29.7436|INFO|Microsoft.Hosting.Lifetime|Content root path: G:\VS2019 Projects\BlazorWebAssemblyDemo\BlazorProject\Server
2021-09-04 12:11:43.9408|INFO|BlazorProject.Server.Middlewares.CustomAuthMiddleware|/api/blog/GetBlogsByUserid | POST | ::1
2021-09-04 12:23:20.4362|INFO|Microsoft.Hosting.Lifetime|Application started. Press Ctrl+C to shut down.
2021-09-04 12:23:20.4591|INFO|Microsoft.Hosting.Lifetime|Hosting environment: Development
2021-09-04 12:23:20.4591|INFO|Microsoft.Hosting.Lifetime|Content root path: G:\VS2019 Projects\BlazorWebAssemblyDemo\BlazorProject\Server
2021-09-04 12:23:32.3256|INFO|BlazorProject.Server.Middlewares.CustomAuthMiddleware|/api/blog/GetBlogsByUserid | POST | ::1
2021-09-04 12:24:41.1541|INFO|BlazorProject.Server.Middlewares.CustomAuthMiddleware|/api/blog/GetBlogsByUserid | POST | ::1
2021-09-04 12:24:43.4685|INFO|BlazorProject.Server.Middlewares.CustomAuthMiddleware|/api/blog/GetBlogsByUserid | POST | ::1
2021-09-04 12:25:56.6874|INFO|Microsoft.Hosting.Lifetime|Application started. Press Ctrl+C to shut down.
2021-09-04 12:25:56.7099|INFO|Microsoft.Hosting.Lifetime|Hosting environment: Development
2021-09-04 12:25:56.7099|INFO|Microsoft.Hosting.Lifetime|Content root path: G:\VS2019 Projects\BlazorWebAssemblyDemo\BlazorProject\Server
2021-09-04 12:26:08.6589|INFO|BlazorProject.Server.Middlewares.CustomAuthMiddleware|/api/blog/GetBlogsByUserid | POST | ::1
2021-09-04 12:27:25.3957|INFO|Microsoft.Hosting.Lifetime|Application started. Press Ctrl+C to shut down.
2021-09-04 12:27:25.4134|INFO|Microsoft.Hosting.Lifetime|Hosting environment: Development
2021-09-04 12:27:25.4134|INFO|Microsoft.Hosting.Lifetime|Content root path: G:\VS2019 Projects\BlazorWebAssemblyDemo\BlazorProject\Server
2021-09-04 12:27:35.9464|INFO|BlazorProject.Server.Middlewares.CustomAuthMiddleware|/api/blog/GetBlogsByUserid | POST | ::1
2021-09-04 12:28:04.5482|INFO|BlazorProject.Server.Middlewares.CustomAuthMiddleware|/api/blog/updateblog | PUT | ::1
2021-09-04 12:28:20.3498|INFO|BlazorProject.Server.Middlewares.CustomAuthMiddleware|/api/blog/updateblog | PUT | ::1
2021-09-04 12:29:19.0985|INFO|BlazorProject.Server.Middlewares.CustomAuthMiddleware|/api/blog/updateblog | PUT | ::1
2021-09-04 12:33:12.9960|INFO|BlazorProject.Server.Middlewares.CustomAuthMiddleware|/api/blog/GetBlogsByUserid | POST | ::1
2021-09-04 13:03:44.6516|INFO|Microsoft.Hosting.Lifetime|Application started. Press Ctrl+C to shut down.
2021-09-04 13:03:44.6695|INFO|Microsoft.Hosting.Lifetime|Hosting environment: Development
2021-09-04 13:03:44.6695|INFO|Microsoft.Hosting.Lifetime|Content root path: G:\VS2019 Projects\BlazorWebAssemblyDemo\BlazorProject\Server
2021-09-04 13:04:02.5462|INFO|BlazorProject.Server.Middlewares.CustomAuthMiddleware|/api/blog/GetBlogsByUserid | POST | ::1
2021-09-04 13:04:17.4187|INFO|BlazorProject.Server.Middlewares.CustomAuthMiddleware|/api/blog/updateblog | PUT | ::1
2021-09-04 13:04:34.9555|INFO|BlazorProject.Server.Middlewares.CustomAuthMiddleware|/api/blog/updateblog | PUT | ::1
2021-09-04 13:06:14.1325|INFO|Microsoft.Hosting.Lifetime|Application started. Press Ctrl+C to shut down.
2021-09-04 13:06:14.1523|INFO|Microsoft.Hosting.Lifetime|Hosting environment: Development
2021-09-04 13:06:14.1523|INFO|Microsoft.Hosting.Lifetime|Content root path: G:\VS2019 Projects\BlazorWebAssemblyDemo\BlazorProject\Server
2021-09-04 13:09:42.0392|INFO|Microsoft.Hosting.Lifetime|Application started. Press Ctrl+C to shut down.
2021-09-04 13:09:42.0566|INFO|Microsoft.Hosting.Lifetime|Hosting environment: Development
2021-09-04 13:09:42.0566|INFO|Microsoft.Hosting.Lifetime|Content root path: G:\VS2019 Projects\BlazorWebAssemblyDemo\BlazorProject\Server
2021-09-04 13:09:53.8596|INFO|BlazorProject.Server.Middlewares.CustomAuthMiddleware|/api/blog/GetBlogsByUserid | POST | ::1
2021-09-04 13:10:08.0900|INFO|BlazorProject.Server.Middlewares.CustomAuthMiddleware|/api/blog/updateblog | PUT | ::1
2021-09-04 13:11:05.6776|INFO|Microsoft.Hosting.Lifetime|Application started. Press Ctrl+C to shut down.
2021-09-04 13:11:05.6986|INFO|Microsoft.Hosting.Lifetime|Hosting environment: Development
2021-09-04 13:11:05.6986|INFO|Microsoft.Hosting.Lifetime|Content root path: G:\VS2019 Projects\BlazorWebAssemblyDemo\BlazorProject\Server
2021-09-04 13:11:26.9126|INFO|Microsoft.Hosting.Lifetime|Application started. Press Ctrl+C to shut down.
2021-09-04 13:11:26.9349|INFO|Microsoft.Hosting.Lifetime|Hosting environment: Development
2021-09-04 13:11:26.9349|INFO|Microsoft.Hosting.Lifetime|Content root path: G:\VS2019 Projects\BlazorWebAssemblyDemo\BlazorProject\Server
2021-09-04 13:11:56.1404|INFO|BlazorProject.Server.Middlewares.CustomAuthMiddleware|/api/blog/GetBlogsByUserid | POST | ::1
2021-09-04 13:12:14.2170|INFO|BlazorProject.Server.Middlewares.CustomAuthMiddleware|/api/blog/GetBlogsByUserid | POST | ::1
2021-09-04 13:13:18.5065|INFO|Microsoft.Hosting.Lifetime|Application started. Press Ctrl+C to shut down.
2021-09-04 13:13:18.5261|INFO|Microsoft.Hosting.Lifetime|Hosting environment: Development
2021-09-04 13:13:18.5261|INFO|Microsoft.Hosting.Lifetime|Content root path: G:\VS2019 Projects\BlazorWebAssemblyDemo\BlazorProject\Server
2021-09-04 13:13:29.9793|INFO|BlazorProject.Server.Middlewares.CustomAuthMiddleware|/api/blog/GetBlogsByUserid | POST | ::1
2021-09-04 13:14:21.9740|INFO|Microsoft.Hosting.Lifetime|Application started. Press Ctrl+C to shut down.
2021-09-04 13:14:21.9929|INFO|Microsoft.Hosting.Lifetime|Hosting environment: Development
2021-09-04 13:14:21.9929|INFO|Microsoft.Hosting.Lifetime|Content root path: G:\VS2019 Projects\BlazorWebAssemblyDemo\BlazorProject\Server
2021-09-04 13:14:38.2194|INFO|BlazorProject.Server.Middlewares.CustomAuthMiddleware|/api/blog/GetBlogsByUserid | POST | ::1
2021-09-04 13:15:21.5691|INFO|BlazorProject.Server.Middlewares.CustomAuthMiddleware|/api/blog/GetBlogsByUserid | POST | ::1
2021-09-04 13:15:46.2241|INFO|BlazorProject.Server.Middlewares.CustomAuthMiddleware|/api/blog/GetBlogsByUserid | POST | ::1
2021-09-04 13:25:05.1120|INFO|BlazorProject.Server.Middlewares.CustomAuthMiddleware|/api/blog/GetBlogsByUserid | POST | ::1
2021-09-04 13:28:51.0609|INFO|Microsoft.Hosting.Lifetime|Application started. Press Ctrl+C to shut down.
2021-09-04 13:28:51.0795|INFO|Microsoft.Hosting.Lifetime|Hosting environment: Development
2021-09-04 13:28:51.0795|INFO|Microsoft.Hosting.Lifetime|Content root path: G:\VS2019 Projects\BlazorWebAssemblyDemo\BlazorProject\Server
2021-09-04 13:29:13.9918|INFO|Microsoft.Hosting.Lifetime|Application started. Press Ctrl+C to shut down.
2021-09-04 13:29:14.0098|INFO|Microsoft.Hosting.Lifetime|Hosting environment: Development
2021-09-04 13:29:14.0098|INFO|Microsoft.Hosting.Lifetime|Content root path: G:\VS2019 Projects\BlazorWebAssemblyDemo\BlazorProject\Server
2021-09-04 13:29:49.7708|INFO|BlazorProject.Server.Middlewares.CustomAuthMiddleware|/api/blog/GetBlogsByUserid | POST | ::1
2021-09-04 13:29:56.9444|INFO|BlazorProject.Server.Middlewares.CustomAuthMiddleware|/api/blog/GetBlogsByUserid | POST | ::1
2021-09-04 13:30:06.3275|INFO|BlazorProject.Server.Middlewares.CustomAuthMiddleware|/api/blog/GetBlogsByUserid | POST | ::1
2021-09-04 13:31:34.1835|INFO|BlazorProject.Server.Middlewares.CustomAuthMiddleware|/api/blog/GetBlogsByUserid | POST | ::1
2021-09-04 13:55:43.0208|INFO|Microsoft.Hosting.Lifetime|Application started. Press Ctrl+C to shut down.
2021-09-04 13:55:43.0433|INFO|Microsoft.Hosting.Lifetime|Hosting environment: Development
2021-09-04 13:55:43.0433|INFO|Microsoft.Hosting.Lifetime|Content root path: G:\VS2019 Projects\BlazorWebAssemblyDemo\BlazorProject\Server
2021-09-04 13:56:00.2567|INFO|Microsoft.Hosting.Lifetime|Application started. Press Ctrl+C to shut down.
2021-09-04 13:56:00.2776|INFO|Microsoft.Hosting.Lifetime|Hosting environment: Development
2021-09-04 13:56:00.2776|INFO|Microsoft.Hosting.Lifetime|Content root path: G:\VS2019 Projects\BlazorWebAssemblyDemo\BlazorProject\Server
2021-09-04 14:07:24.5950|INFO|Microsoft.Hosting.Lifetime|Application started. Press Ctrl+C to shut down.
2021-09-04 14:07:24.6132|INFO|Microsoft.Hosting.Lifetime|Hosting environment: Development
2021-09-04 14:07:24.6153|INFO|Microsoft.Hosting.Lifetime|Content root path: G:\VS2019 Projects\BlazorWebAssemblyDemo\BlazorProject\Server
2021-09-04 14:07:31.6718|INFO|Microsoft.Hosting.Lifetime|Application started. Press Ctrl+C to shut down.
2021-09-04 14:07:31.6895|INFO|Microsoft.Hosting.Lifetime|Hosting environment: Development
2021-09-04 14:07:31.6895|INFO|Microsoft.Hosting.Lifetime|Content root path: G:\VS2019 Projects\BlazorWebAssemblyDemo\BlazorProject\Server
2021-09-04 14:08:28.6644|INFO|Microsoft.Hosting.Lifetime|Application started. Press Ctrl+C to shut down.
2021-09-04 14:08:28.6826|INFO|Microsoft.Hosting.Lifetime|Hosting environment: Development
2021-09-04 14:08:28.6826|INFO|Microsoft.Hosting.Lifetime|Content root path: G:\VS2019 Projects\BlazorWebAssemblyDemo\BlazorProject\Server
2021-09-04 14:11:50.8196|INFO|Microsoft.Hosting.Lifetime|Application started. Press Ctrl+C to shut down.
2021-09-04 14:11:50.8429|INFO|Microsoft.Hosting.Lifetime|Hosting environment: Development
2021-09-04 14:11:50.8429|INFO|Microsoft.Hosting.Lifetime|Content root path: G:\VS2019 Projects\BlazorWebAssemblyDemo\BlazorProject\Server
2021-09-04 14:18:48.1816|INFO|Microsoft.Hosting.Lifetime|Application started. Press Ctrl+C to shut down.
2021-09-04 14:18:48.1995|INFO|Microsoft.Hosting.Lifetime|Hosting environment: Development
2021-09-04 14:18:48.1995|INFO|Microsoft.Hosting.Lifetime|Content root path: G:\VS2019 Projects\BlazorWebAssemblyDemo\BlazorProject\Server
2021-09-04 16:19:25.7056|INFO|Microsoft.Hosting.Lifetime|Application started. Press Ctrl+C to shut down.
2021-09-04 16:19:25.7235|INFO|Microsoft.Hosting.Lifetime|Hosting environment: Development
2021-09-04 16:19:25.7235|INFO|Microsoft.Hosting.Lifetime|Content root path: G:\VS2019 Projects\BlazorWebAssemblyDemo\BlazorProject\Server
2021-09-04 16:19:27.4781|WARN|Microsoft.EntityFrameworkCore.Query|The query uses a row limiting operator ('Skip'/'Take') without an 'OrderBy' operator. This may lead to unpredictable results.
2021-09-04 16:19:27.4781|WARN|Microsoft.EntityFrameworkCore.Query|The query uses a row limiting operator ('Skip'/'Take') without an 'OrderBy' operator. This may lead to unpredictable results.
2021-09-04 16:19:49.7913|INFO|BlazorProject.Server.Middlewares.CustomAuthMiddleware|/api/blog/GetBlogsByUserid | POST | ::1
2021-09-04 16:20:20.5810|INFO|BlazorProject.Server.Middlewares.CustomAuthMiddleware|/api/blog/createblog | POST | ::1
2021-09-04 16:20:20.6981|INFO|BlazorProject.Server.Middlewares.CustomAuthMiddleware|/api/blog/GetBlogsByUserid | POST | ::1
2021-09-04 16:20:42.2339|INFO|BlazorProject.Server.Middlewares.CustomAuthMiddleware|/api/blog/createblog | POST | ::1
2021-09-04 16:20:42.2728|INFO|BlazorProject.Server.Middlewares.CustomAuthMiddleware|/api/blog/GetBlogsByUserid | POST | ::1
2021-09-04 16:21:00.6976|INFO|BlazorProject.Server.Middlewares.CustomAuthMiddleware|/api/blog/createblog | POST | ::1
2021-09-04 16:21:00.7362|INFO|BlazorProject.Server.Middlewares.CustomAuthMiddleware|/api/blog/GetBlogsByUserid | POST | ::1
2021-09-04 16:21:16.8581|INFO|BlazorProject.Server.Middlewares.CustomAuthMiddleware|/api/blog/createblog | POST | ::1
2021-09-04 16:21:16.8959|INFO|BlazorProject.Server.Middlewares.CustomAuthMiddleware|/api/blog/GetBlogsByUserid | POST | ::1
2021-09-04 16:21:37.7231|WARN|Microsoft.EntityFrameworkCore.Query|The query uses a row limiting operator ('Skip'/'Take') without an 'OrderBy' operator. This may lead to unpredictable results.
2021-09-04 16:21:37.7231|WARN|Microsoft.EntityFrameworkCore.Query|The query uses a row limiting operator ('Skip'/'Take') without an 'OrderBy' operator. This may lead to unpredictable results.
2021-09-04 16:21:42.7688|ERROR|Microsoft.EntityFrameworkCore.Query|An exception occurred while iterating over the results of a query for context type 'BlazorProject.Server.Models.AppDBContext'.
Microsoft.Data.SqlClient.SqlException (0x80131904): The offset specified in a OFFSET clause may not be negative.
   at Microsoft.Data.SqlClient.SqlConnection.OnError(SqlException exception, Boolean breakConnection, Action`1 wrapCloseInAction)
   at Microsoft.Data.SqlClient.SqlInternalConnection.OnError(SqlException exception, Boolean breakConnection, Action`1 wrapCloseInAction)
   at Microsoft.Data.SqlClient.TdsParser.ThrowExceptionAndWarning(TdsParserStateObject stateObj, Boolean callerHasConnectionLock, Boolean asyncClose)
   at Microsoft.Data.SqlClient.TdsParser.TryRun(RunBehavior runBehavior, SqlCommand cmdHandler, SqlDataReader dataStream, BulkCopySimpleResultSet bulkCopyHandler, TdsParserStateObject stateObj, Boolean& dataReady)
   at Microsoft.Data.SqlClient.SqlDataReader.TryHasMoreRows(Boolean& moreRows)
   at Microsoft.Data.SqlClient.SqlDataReader.TryReadInternal(Boolean setTimeout, Boolean& more)
   at Microsoft.Data.SqlClient.SqlDataReader.ReadAsyncExecute(Task task, Object state)
   at Microsoft.Data.SqlClient.SqlDataReader.InvokeAsyncCall[T](AAsyncCallContext`1 context)
--- End of stack trace from previous location ---
   at Microsoft.EntityFrameworkCore.Query.Internal.SingleQueryingEnumerable`1.AsyncEnumerator.MoveNextAsync()
ClientConnectionId:dd3b18a4-dfb6-4b11-ab81-59610fc99426
Error Number:10742,State:1,Class:15
2021-09-04 16:23:11.1634|INFO|Microsoft.Hosting.Lifetime|Application started. Press Ctrl+C to shut down.
2021-09-04 16:23:11.1826|INFO|Microsoft.Hosting.Lifetime|Hosting environment: Development
2021-09-04 16:23:11.1826|INFO|Microsoft.Hosting.Lifetime|Content root path: G:\VS2019 Projects\BlazorWebAssemblyDemo\BlazorProject\Server
2021-09-04 16:23:12.8143|WARN|Microsoft.EntityFrameworkCore.Query|The query uses a row limiting operator ('Skip'/'Take') without an 'OrderBy' operator. This may lead to unpredictable results.
2021-09-04 16:23:12.8143|WARN|Microsoft.EntityFrameworkCore.Query|The query uses a row limiting operator ('Skip'/'Take') without an 'OrderBy' operator. This may lead to unpredictable results.
2021-09-04 16:23:15.7399|WARN|Microsoft.EntityFrameworkCore.Query|The query uses a row limiting operator ('Skip'/'Take') without an 'OrderBy' operator. This may lead to unpredictable results.
2021-09-04 16:23:15.7399|WARN|Microsoft.EntityFrameworkCore.Query|The query uses a row limiting operator ('Skip'/'Take') without an 'OrderBy' operator. This may lead to unpredictable results.
2021-09-04 16:23:43.2999|INFO|Microsoft.Hosting.Lifetime|Application started. Press Ctrl+C to shut down.
2021-09-04 16:23:43.3236|INFO|Microsoft.Hosting.Lifetime|Hosting environment: Development
2021-09-04 16:23:43.3236|INFO|Microsoft.Hosting.Lifetime|Content root path: G:\VS2019 Projects\BlazorWebAssemblyDemo\BlazorProject\Server
2021-09-04 16:23:44.8807|WARN|Microsoft.EntityFrameworkCore.Query|The query uses a row limiting operator ('Skip'/'Take') without an 'OrderBy' operator. This may lead to unpredictable results.
2021-09-04 16:23:44.8807|WARN|Microsoft.EntityFrameworkCore.Query|The query uses a row limiting operator ('Skip'/'Take') without an 'OrderBy' operator. This may lead to unpredictable results.
2021-09-04 16:24:01.8126|WARN|Microsoft.EntityFrameworkCore.Query|The query uses a row limiting operator ('Skip'/'Take') without an 'OrderBy' operator. This may lead to unpredictable results.
2021-09-04 16:24:01.8126|WARN|Microsoft.EntityFrameworkCore.Query|The query uses a row limiting operator ('Skip'/'Take') without an 'OrderBy' operator. This may lead to unpredictable results.
2021-09-04 16:26:02.8360|INFO|Microsoft.Hosting.Lifetime|Application started. Press Ctrl+C to shut down.
2021-09-04 16:26:02.8543|INFO|Microsoft.Hosting.Lifetime|Hosting environment: Development
2021-09-04 16:26:02.8543|INFO|Microsoft.Hosting.Lifetime|Content root path: G:\VS2019 Projects\BlazorWebAssemblyDemo\BlazorProject\Server
2021-09-04 16:26:04.6005|WARN|Microsoft.EntityFrameworkCore.Query|The query uses a row limiting operator ('Skip'/'Take') without an 'OrderBy' operator. This may lead to unpredictable results.
2021-09-04 16:26:04.6028|WARN|Microsoft.EntityFrameworkCore.Query|The query uses a row limiting operator ('Skip'/'Take') without an 'OrderBy' operator. This may lead to unpredictable results.
2021-09-04 16:26:26.0440|INFO|Microsoft.Hosting.Lifetime|Application started. Press Ctrl+C to shut down.
2021-09-04 16:26:26.0623|INFO|Microsoft.Hosting.Lifetime|Hosting environment: Development
2021-09-04 16:26:26.0623|INFO|Microsoft.Hosting.Lifetime|Content root path: G:\VS2019 Projects\BlazorWebAssemblyDemo\BlazorProject\Server
2021-09-04 16:26:27.6416|WARN|Microsoft.EntityFrameworkCore.Query|The query uses a row limiting operator ('Skip'/'Take') without an 'OrderBy' operator. This may lead to unpredictable results.
2021-09-04 16:26:27.6416|WARN|Microsoft.EntityFrameworkCore.Query|The query uses a row limiting operator ('Skip'/'Take') without an 'OrderBy' operator. This may lead to unpredictable results.
2021-09-04 16:26:30.0590|WARN|Microsoft.EntityFrameworkCore.Query|The query uses a row limiting operator ('Skip'/'Take') without an 'OrderBy' operator. This may lead to unpredictable results.
2021-09-04 16:26:30.0590|WARN|Microsoft.EntityFrameworkCore.Query|The query uses a row limiting operator ('Skip'/'Take') without an 'OrderBy' operator. This may lead to unpredictable results.
2021-09-04 16:27:21.6317|INFO|Microsoft.Hosting.Lifetime|Application started. Press Ctrl+C to shut down.
2021-09-04 16:27:21.6502|INFO|Microsoft.Hosting.Lifetime|Hosting environment: Development
2021-09-04 16:27:21.6502|INFO|Microsoft.Hosting.Lifetime|Content root path: G:\VS2019 Projects\BlazorWebAssemblyDemo\BlazorProject\Server
2021-09-04 16:27:23.2273|WARN|Microsoft.EntityFrameworkCore.Query|The query uses a row limiting operator ('Skip'/'Take') without an 'OrderBy' operator. This may lead to unpredictable results.
2021-09-04 16:27:23.2273|WARN|Microsoft.EntityFrameworkCore.Query|The query uses a row limiting operator ('Skip'/'Take') without an 'OrderBy' operator. This may lead to unpredictable results.
2021-09-04 16:27:28.3913|WARN|Microsoft.EntityFrameworkCore.Query|The query uses a row limiting operator ('Skip'/'Take') without an 'OrderBy' operator. This may lead to unpredictable results.
2021-09-04 16:27:28.3913|WARN|Microsoft.EntityFrameworkCore.Query|The query uses a row limiting operator ('Skip'/'Take') without an 'OrderBy' operator. This may lead to unpredictable results.
2021-09-04 16:27:46.3278|INFO|Microsoft.Hosting.Lifetime|Application started. Press Ctrl+C to shut down.
2021-09-04 16:27:46.3486|INFO|Microsoft.Hosting.Lifetime|Hosting environment: Development
2021-09-04 16:27:46.3486|INFO|Microsoft.Hosting.Lifetime|Content root path: G:\VS2019 Projects\BlazorWebAssemblyDemo\BlazorProject\Server
2021-09-04 16:27:47.9315|WARN|Microsoft.EntityFrameworkCore.Query|The query uses a row limiting operator ('Skip'/'Take') without an 'OrderBy' operator. This may lead to unpredictable results.
2021-09-04 16:27:47.9315|WARN|Microsoft.EntityFrameworkCore.Query|The query uses a row limiting operator ('Skip'/'Take') without an 'OrderBy' operator. This may lead to unpredictable results.
2021-09-04 16:27:53.9298|WARN|Microsoft.EntityFrameworkCore.Query|The query uses a row limiting operator ('Skip'/'Take') without an 'OrderBy' operator. This may lead to unpredictable results.
2021-09-04 16:27:53.9301|WARN|Microsoft.EntityFrameworkCore.Query|The query uses a row limiting operator ('Skip'/'Take') without an 'OrderBy' operator. This may lead to unpredictable results.
2021-09-04 16:28:18.6163|INFO|Microsoft.Hosting.Lifetime|Application started. Press Ctrl+C to shut down.
2021-09-04 16:28:18.6365|INFO|Microsoft.Hosting.Lifetime|Hosting environment: Development
2021-09-04 16:28:18.6365|INFO|Microsoft.Hosting.Lifetime|Content root path: G:\VS2019 Projects\BlazorWebAssemblyDemo\BlazorProject\Server
2021-09-04 16:28:20.1772|WARN|Microsoft.EntityFrameworkCore.Query|The query uses a row limiting operator ('Skip'/'Take') without an 'OrderBy' operator. This may lead to unpredictable results.
2021-09-04 16:28:20.1772|WARN|Microsoft.EntityFrameworkCore.Query|The query uses a row limiting operator ('Skip'/'Take') without an 'OrderBy' operator. This may lead to unpredictable results.
2021-09-04 16:29:02.4420|WARN|Microsoft.EntityFrameworkCore.Query|The query uses a row limiting operator ('Skip'/'Take') without an 'OrderBy' operator. This may lead to unpredictable results.
2021-09-04 16:29:02.4420|WARN|Microsoft.EntityFrameworkCore.Query|The query uses a row limiting operator ('Skip'/'Take') without an 'OrderBy' operator. This may lead to unpredictable results.
2021-09-04 16:31:26.8938|INFO|Microsoft.Hosting.Lifetime|Application started. Press Ctrl+C to shut down.
2021-09-04 16:31:26.9173|INFO|Microsoft.Hosting.Lifetime|Hosting environment: Development
2021-09-04 16:31:26.9173|INFO|Microsoft.Hosting.Lifetime|Content root path: G:\VS2019 Projects\BlazorWebAssemblyDemo\BlazorProject\Server
2021-09-04 16:31:31.0597|WARN|Microsoft.EntityFrameworkCore.Query|The query uses a row limiting operator ('Skip'/'Take') without an 'OrderBy' operator. This may lead to unpredictable results.
2021-09-04 16:31:31.0597|WARN|Microsoft.EntityFrameworkCore.Query|The query uses a row limiting operator ('Skip'/'Take') without an 'OrderBy' operator. This may lead to unpredictable results.
2021-09-04 16:32:26.5071|INFO|Microsoft.Hosting.Lifetime|Application started. Press Ctrl+C to shut down.
2021-09-04 16:32:26.5264|INFO|Microsoft.Hosting.Lifetime|Hosting environment: Development
2021-09-04 16:32:26.5264|INFO|Microsoft.Hosting.Lifetime|Content root path: G:\VS2019 Projects\BlazorWebAssemblyDemo\BlazorProject\Server
2021-09-04 16:32:28.1559|WARN|Microsoft.EntityFrameworkCore.Query|The query uses a row limiting operator ('Skip'/'Take') without an 'OrderBy' operator. This may lead to unpredictable results.
2021-09-04 16:32:28.1559|WARN|Microsoft.EntityFrameworkCore.Query|The query uses a row limiting operator ('Skip'/'Take') without an 'OrderBy' operator. This may lead to unpredictable results.
2021-09-04 16:33:21.5087|INFO|Microsoft.Hosting.Lifetime|Application started. Press Ctrl+C to shut down.
2021-09-04 16:33:21.5278|INFO|Microsoft.Hosting.Lifetime|Hosting environment: Development
2021-09-04 16:33:21.5278|INFO|Microsoft.Hosting.Lifetime|Content root path: G:\VS2019 Projects\BlazorWebAssemblyDemo\BlazorProject\Server
2021-09-04 16:33:23.1647|WARN|Microsoft.EntityFrameworkCore.Query|The query uses a row limiting operator ('Skip'/'Take') without an 'OrderBy' operator. This may lead to unpredictable results.
2021-09-04 16:33:23.1647|WARN|Microsoft.EntityFrameworkCore.Query|The query uses a row limiting operator ('Skip'/'Take') without an 'OrderBy' operator. This may lead to unpredictable results.
2021-09-04 16:33:36.3346|WARN|Microsoft.EntityFrameworkCore.Query|The query uses a row limiting operator ('Skip'/'Take') without an 'OrderBy' operator. This may lead to unpredictable results.
2021-09-04 16:33:36.3346|WARN|Microsoft.EntityFrameworkCore.Query|The query uses a row limiting operator ('Skip'/'Take') without an 'OrderBy' operator. This may lead to unpredictable results.
2021-09-04 16:33:52.1278|INFO|Microsoft.Hosting.Lifetime|Application started. Press Ctrl+C to shut down.
2021-09-04 16:33:52.1479|INFO|Microsoft.Hosting.Lifetime|Hosting environment: Development
2021-09-04 16:33:52.1499|INFO|Microsoft.Hosting.Lifetime|Content root path: G:\VS2019 Projects\BlazorWebAssemblyDemo\BlazorProject\Server
2021-09-04 16:33:53.7506|WARN|Microsoft.EntityFrameworkCore.Query|The query uses a row limiting operator ('Skip'/'Take') without an 'OrderBy' operator. This may lead to unpredictable results.
2021-09-04 16:33:53.7506|WARN|Microsoft.EntityFrameworkCore.Query|The query uses a row limiting operator ('Skip'/'Take') without an 'OrderBy' operator. This may lead to unpredictable results.
2021-09-04 16:34:29.2921|WARN|Microsoft.EntityFrameworkCore.Query|The query uses a row limiting operator ('Skip'/'Take') without an 'OrderBy' operator. This may lead to unpredictable results.
2021-09-04 16:34:29.2921|WARN|Microsoft.EntityFrameworkCore.Query|The query uses a row limiting operator ('Skip'/'Take') without an 'OrderBy' operator. This may lead to unpredictable results.
2021-09-04 16:35:25.8969|INFO|BlazorProject.Server.Middlewares.CustomAuthMiddleware|/api/blog/GetBlogsByUserid | POST | ::1
2021-09-04 16:35:43.3728|INFO|BlazorProject.Server.Middlewares.CustomAuthMiddleware|/api/blog/createblog | POST | ::1
2021-09-04 16:35:43.4876|INFO|BlazorProject.Server.Middlewares.CustomAuthMiddleware|/api/blog/GetBlogsByUserid | POST | ::1
2021-09-04 16:35:57.8014|INFO|BlazorProject.Server.Middlewares.CustomAuthMiddleware|/api/blog/createblog | POST | ::1
2021-09-04 16:35:57.8397|INFO|BlazorProject.Server.Middlewares.CustomAuthMiddleware|/api/blog/GetBlogsByUserid | POST | ::1
2021-09-04 16:36:12.6006|INFO|BlazorProject.Server.Middlewares.CustomAuthMiddleware|/api/blog/createblog | POST | ::1
2021-09-04 16:36:12.6415|INFO|BlazorProject.Server.Middlewares.CustomAuthMiddleware|/api/blog/GetBlogsByUserid | POST | ::1
2021-09-04 16:36:32.0170|INFO|BlazorProject.Server.Middlewares.CustomAuthMiddleware|/api/blog/createblog | POST | ::1
2021-09-04 16:36:32.0532|INFO|BlazorProject.Server.Middlewares.CustomAuthMiddleware|/api/blog/GetBlogsByUserid | POST | ::1
2021-09-04 16:36:49.8173|INFO|BlazorProject.Server.Middlewares.CustomAuthMiddleware|/api/blog/createblog | POST | ::1
2021-09-04 16:36:49.8552|INFO|BlazorProject.Server.Middlewares.CustomAuthMiddleware|/api/blog/GetBlogsByUserid | POST | ::1
2021-09-04 16:37:36.9885|INFO|Microsoft.Hosting.Lifetime|Application started. Press Ctrl+C to shut down.
2021-09-04 16:37:37.0065|INFO|Microsoft.Hosting.Lifetime|Hosting environment: Development
2021-09-04 16:37:37.0086|INFO|Microsoft.Hosting.Lifetime|Content root path: G:\VS2019 Projects\BlazorWebAssemblyDemo\BlazorProject\Server
2021-09-04 16:37:38.3888|WARN|Microsoft.EntityFrameworkCore.Query|The query uses a row limiting operator ('Skip'/'Take') without an 'OrderBy' operator. This may lead to unpredictable results.
2021-09-04 16:37:38.3888|WARN|Microsoft.EntityFrameworkCore.Query|The query uses a row limiting operator ('Skip'/'Take') without an 'OrderBy' operator. This may lead to unpredictable results.
2021-09-04 16:37:40.9713|WARN|Microsoft.EntityFrameworkCore.Query|The query uses a row limiting operator ('Skip'/'Take') without an 'OrderBy' operator. This may lead to unpredictable results.
2021-09-04 16:37:40.9713|WARN|Microsoft.EntityFrameworkCore.Query|The query uses a row limiting operator ('Skip'/'Take') without an 'OrderBy' operator. This may lead to unpredictable results.
2021-09-04 16:38:04.3612|INFO|Microsoft.Hosting.Lifetime|Application started. Press Ctrl+C to shut down.
2021-09-04 16:38:04.3820|INFO|Microsoft.Hosting.Lifetime|Hosting environment: Development
2021-09-04 16:38:04.3833|INFO|Microsoft.Hosting.Lifetime|Content root path: G:\VS2019 Projects\BlazorWebAssemblyDemo\BlazorProject\Server
2021-09-04 16:38:05.6967|WARN|Microsoft.EntityFrameworkCore.Query|The query uses a row limiting operator ('Skip'/'Take') without an 'OrderBy' operator. This may lead to unpredictable results.
2021-09-04 16:38:05.6967|WARN|Microsoft.EntityFrameworkCore.Query|The query uses a row limiting operator ('Skip'/'Take') without an 'OrderBy' operator. This may lead to unpredictable results.
2021-09-04 16:38:07.9883|WARN|Microsoft.EntityFrameworkCore.Query|The query uses a row limiting operator ('Skip'/'Take') without an 'OrderBy' operator. This may lead to unpredictable results.
2021-09-04 16:38:07.9883|WARN|Microsoft.EntityFrameworkCore.Query|The query uses a row limiting operator ('Skip'/'Take') without an 'OrderBy' operator. This may lead to unpredictable results.
2021-09-04 16:39:47.1088|INFO|Microsoft.Hosting.Lifetime|Application started. Press Ctrl+C to shut down.
2021-09-04 16:39:47.1277|INFO|Microsoft.Hosting.Lifetime|Hosting environment: Development
2021-09-04 16:39:47.1277|INFO|Microsoft.Hosting.Lifetime|Content root path: G:\VS2019 Projects\BlazorWebAssemblyDemo\BlazorProject\Server
2021-09-04 16:39:48.4283|WARN|Microsoft.EntityFrameworkCore.Query|The query uses a row limiting operator ('Skip'/'Take') without an 'OrderBy' operator. This may lead to unpredictable results.
2021-09-04 16:39:48.4306|WARN|Microsoft.EntityFrameworkCore.Query|The query uses a row limiting operator ('Skip'/'Take') without an 'OrderBy' operator. This may lead to unpredictable results.
2021-09-04 16:39:51.6497|WARN|Microsoft.EntityFrameworkCore.Query|The query uses a row limiting operator ('Skip'/'Take') without an 'OrderBy' operator. This may lead to unpredictable results.
2021-09-04 16:39:51.6497|WARN|Microsoft.EntityFrameworkCore.Query|The query uses a row limiting operator ('Skip'/'Take') without an 'OrderBy' operator. This may lead to unpredictable results.
2021-09-04 16:42:27.3436|INFO|Microsoft.Hosting.Lifetime|Application started. Press Ctrl+C to shut down.
2021-09-04 16:42:27.3630|INFO|Microsoft.Hosting.Lifetime|Hosting environment: Development
2021-09-04 16:42:27.3630|INFO|Microsoft.Hosting.Lifetime|Content root path: G:\VS2019 Projects\BlazorWebAssemblyDemo\BlazorProject\Server
2021-09-04 16:42:28.7176|WARN|Microsoft.EntityFrameworkCore.Query|The query uses a row limiting operator ('Skip'/'Take') without an 'OrderBy' operator. This may lead to unpredictable results.
2021-09-04 16:42:28.7176|WARN|Microsoft.EntityFrameworkCore.Query|The query uses a row limiting operator ('Skip'/'Take') without an 'OrderBy' operator. This may lead to unpredictable results.
2021-09-04 16:45:07.1899|INFO|Microsoft.Hosting.Lifetime|Application started. Press Ctrl+C to shut down.
2021-09-04 16:45:07.2076|INFO|Microsoft.Hosting.Lifetime|Hosting environment: Development
2021-09-04 16:45:07.2076|INFO|Microsoft.Hosting.Lifetime|Content root path: G:\VS2019 Projects\BlazorWebAssemblyDemo\BlazorProject\Server
2021-09-04 16:45:09.4101|WARN|Microsoft.EntityFrameworkCore.Query|The query uses a row limiting operator ('Skip'/'Take') without an 'OrderBy' operator. This may lead to unpredictable results.
2021-09-04 16:45:09.4101|WARN|Microsoft.EntityFrameworkCore.Query|The query uses a row limiting operator ('Skip'/'Take') without an 'OrderBy' operator. This may lead to unpredictable results.
2021-09-04 16:46:27.0862|WARN|Microsoft.EntityFrameworkCore.Query|The query uses a row limiting operator ('Skip'/'Take') without an 'OrderBy' operator. This may lead to unpredictable results.
2021-09-04 16:46:27.0862|WARN|Microsoft.EntityFrameworkCore.Query|The query uses a row limiting operator ('Skip'/'Take') without an 'OrderBy' operator. This may lead to unpredictable results.
2021-09-04 16:56:06.5356|INFO|BlazorProject.Server.Middlewares.CustomAuthMiddleware|/api/blog/GetBlogsByUserid | POST | ::1
2021-09-04 16:59:55.2229|INFO|Microsoft.Hosting.Lifetime|Application started. Press Ctrl+C to shut down.
2021-09-04 16:59:55.2413|INFO|Microsoft.Hosting.Lifetime|Hosting environment: Development
2021-09-04 16:59:55.2427|INFO|Microsoft.Hosting.Lifetime|Content root path: G:\VS2019 Projects\BlazorWebAssemblyDemo\BlazorProject\Server
2021-09-04 16:59:56.5627|WARN|Microsoft.EntityFrameworkCore.Query|The query uses a row limiting operator ('Skip'/'Take') without an 'OrderBy' operator. This may lead to unpredictable results.
2021-09-04 16:59:56.5627|WARN|Microsoft.EntityFrameworkCore.Query|The query uses a row limiting operator ('Skip'/'Take') without an 'OrderBy' operator. This may lead to unpredictable results.
2021-09-04 17:00:24.0823|INFO|Microsoft.Hosting.Lifetime|Application started. Press Ctrl+C to shut down.
2021-09-04 17:00:24.1052|INFO|Microsoft.Hosting.Lifetime|Hosting environment: Development
2021-09-04 17:00:24.1052|INFO|Microsoft.Hosting.Lifetime|Content root path: G:\VS2019 Projects\BlazorWebAssemblyDemo\BlazorProject\Server
2021-09-04 17:00:25.3931|WARN|Microsoft.EntityFrameworkCore.Query|The query uses a row limiting operator ('Skip'/'Take') without an 'OrderBy' operator. This may lead to unpredictable results.
2021-09-04 17:00:25.3931|WARN|Microsoft.EntityFrameworkCore.Query|The query uses a row limiting operator ('Skip'/'Take') without an 'OrderBy' operator. This may lead to unpredictable results.
2021-09-04 17:00:38.2895|INFO|Microsoft.Hosting.Lifetime|Application started. Press Ctrl+C to shut down.
2021-09-04 17:00:38.3125|INFO|Microsoft.Hosting.Lifetime|Hosting environment: Development
2021-09-04 17:00:38.3125|INFO|Microsoft.Hosting.Lifetime|Content root path: G:\VS2019 Projects\BlazorWebAssemblyDemo\BlazorProject\Server
2021-09-04 17:00:39.6407|WARN|Microsoft.EntityFrameworkCore.Query|The query uses a row limiting operator ('Skip'/'Take') without an 'OrderBy' operator. This may lead to unpredictable results.
2021-09-04 17:00:39.6407|WARN|Microsoft.EntityFrameworkCore.Query|The query uses a row limiting operator ('Skip'/'Take') without an 'OrderBy' operator. This may lead to unpredictable results.
2021-09-04 17:00:51.2843|WARN|Microsoft.EntityFrameworkCore.Query|The query uses a row limiting operator ('Skip'/'Take') without an 'OrderBy' operator. This may lead to unpredictable results.
2021-09-04 17:00:51.2843|WARN|Microsoft.EntityFrameworkCore.Query|The query uses a row limiting operator ('Skip'/'Take') without an 'OrderBy' operator. This may lead to unpredictable results.
2021-09-04 17:03:29.2652|INFO|BlazorProject.Server.Middlewares.CustomAuthMiddleware|/api/blog/GetBlogsByUserid | POST | ::1
2021-09-04 17:03:39.1925|INFO|BlazorProject.Server.Middlewares.CustomAuthMiddleware|/api/blog/GetBlogsByUserid | POST | ::1
2021-09-04 17:03:46.0412|INFO|BlazorProject.Server.Middlewares.CustomAuthMiddleware|/api/blog/GetBlogsByUserid | POST | ::1
2021-09-04 17:03:53.2732|INFO|BlazorProject.Server.Middlewares.CustomAuthMiddleware|/api/blog/GetBlogsByUserid | POST | ::1
2021-09-04 17:03:57.2484|INFO|BlazorProject.Server.Middlewares.CustomAuthMiddleware|/api/blog/GetBlogsByUserid | POST | ::1
2021-09-04 17:06:57.5458|INFO|Microsoft.Hosting.Lifetime|Application started. Press Ctrl+C to shut down.
2021-09-04 17:06:57.5644|INFO|Microsoft.Hosting.Lifetime|Hosting environment: Development
2021-09-04 17:06:57.5644|INFO|Microsoft.Hosting.Lifetime|Content root path: G:\VS2019 Projects\BlazorWebAssemblyDemo\BlazorProject\Server
2021-09-04 17:06:58.9196|WARN|Microsoft.EntityFrameworkCore.Query|The query uses a row limiting operator ('Skip'/'Take') without an 'OrderBy' operator. This may lead to unpredictable results.
2021-09-04 17:06:58.9196|WARN|Microsoft.EntityFrameworkCore.Query|The query uses a row limiting operator ('Skip'/'Take') without an 'OrderBy' operator. This may lead to unpredictable results.
2021-09-04 17:10:33.7807|WARN|Microsoft.EntityFrameworkCore.Query|The query uses a row limiting operator ('Skip'/'Take') without an 'OrderBy' operator. This may lead to unpredictable results.
2021-09-04 17:10:33.7807|WARN|Microsoft.EntityFrameworkCore.Query|The query uses a row limiting operator ('Skip'/'Take') without an 'OrderBy' operator. This may lead to unpredictable results.
2021-09-04 17:12:54.8251|INFO|BlazorProject.Server.Middlewares.CustomAuthMiddleware|/api/blog/GetBlogsByUserid | POST | ::1
2021-09-04 17:14:46.6277|INFO|BlazorProject.Server.Middlewares.CustomAuthMiddleware|/api/blog/GetBlogsByUserid | POST | ::1
2021-09-04 17:14:51.0196|INFO|BlazorProject.Server.Middlewares.CustomAuthMiddleware|/api/blog/GetBlogsByUserid | POST | ::1
2021-09-04 23:35:04.2747|INFO|Microsoft.Hosting.Lifetime|Application started. Press Ctrl+C to shut down.
2021-09-04 23:35:04.3217|INFO|Microsoft.Hosting.Lifetime|Hosting environment: Development
2021-09-04 23:35:04.3217|INFO|Microsoft.Hosting.Lifetime|Content root path: G:\VS2019 Projects\BlazorWebAssemblyDemo\BlazorProject\Server
2021-09-04 23:35:06.6101|WARN|Microsoft.EntityFrameworkCore.Query|The query uses a row limiting operator ('Skip'/'Take') without an 'OrderBy' operator. This may lead to unpredictable results.
2021-09-04 23:35:06.6101|WARN|Microsoft.EntityFrameworkCore.Query|The query uses a row limiting operator ('Skip'/'Take') without an 'OrderBy' operator. This may lead to unpredictable results.
2021-09-04 23:35:12.0668|WARN|Microsoft.EntityFrameworkCore.Query|The query uses a row limiting operator ('Skip'/'Take') without an 'OrderBy' operator. This may lead to unpredictable results.
2021-09-04 23:35:12.0668|WARN|Microsoft.EntityFrameworkCore.Query|The query uses a row limiting operator ('Skip'/'Take') without an 'OrderBy' operator. This may lead to unpredictable results.
2021-09-04 23:35:33.4456|INFO|BlazorProject.Server.Middlewares.CustomAuthMiddleware|/api/blog/GetBlogsByUserid | POST | ::1
2021-09-04 23:35:42.5468|INFO|BlazorProject.Server.Middlewares.CustomAuthMiddleware|/api/blog/GetBlogsByUserid | POST | ::1
2021-09-04 23:35:46.7703|INFO|BlazorProject.Server.Middlewares.CustomAuthMiddleware|/api/blog/GetBlogsByUserid | POST | ::1
2021-09-04 23:36:13.9707|INFO|BlazorProject.Server.Middlewares.CustomAuthMiddleware|/api/blog/GetBlogsByUserid | POST | ::1
2021-09-04 23:36:19.0424|INFO|BlazorProject.Server.Middlewares.CustomAuthMiddleware|/api/blog/GetBlogsByUserid | POST | ::1
2021-09-04 23:36:55.0578|INFO|BlazorProject.Server.Middlewares.CustomAuthMiddleware|/api/blog/GetBlogsByUserid | POST | ::1
2021-09-04 23:37:14.4283|INFO|BlazorProject.Server.Middlewares.CustomAuthMiddleware|/api/blog/GetBlogsByUserid | POST | ::1
2021-09-04 23:37:25.3389|INFO|BlazorProject.Server.Middlewares.CustomAuthMiddleware|/api/blog/GetBlogsByUserid | POST | ::1
2021-09-04 23:37:59.0421|INFO|BlazorProject.Server.Middlewares.CustomAuthMiddleware|/api/blog/GetBlogsByUserid | POST | ::1
2021-09-04 23:38:10.4101|INFO|BlazorProject.Server.Middlewares.CustomAuthMiddleware|/api/blog/GetBlogsByUserid | POST | ::1
